2022-05-27 15:05:42,036:INFO:PyCaret Supervised Module
2022-05-27 15:05:42,037:INFO:ML Usecase: regression
2022-05-27 15:05:42,037:INFO:version 2.3.9
2022-05-27 15:05:42,037:INFO:Initializing setup()
2022-05-27 15:05:42,037:INFO:setup(target=hue, ml_usecase=regression, available_plots={'parameter': 'Hyperparameters', 'residuals': 'Residuals', 'error': 'Prediction Error', 'cooks': 'Cooks Distance', 'rfe': 'Feature Selection', 'learning': 'Learning Curve', 'manifold': 'Manifold Learning', 'vc': 'Validation Curve', 'feature': 'Feature Importance', 'feature_all': 'Feature Importance (All)', 'tree': 'Decision Tree', 'residuals_interactive': 'Interactive Residuals'}, train_size=0.7, test_data=None, preprocess=False, imputation_type=simple, iterative_imputation_iters=5, categorical_features=None, categorical_imputation=constant, categorical_iterative_imputer=lightgbm, ordinal_features=None, high_cardinality_features=None, high_cardinality_method=frequency, numeric_features=None, numeric_imputation=mean, numeric_iterative_imputer=lightgbm, date_features=None, ignore_features=None, normalize=False, normalize_method=zscore, transformation=False, transformation_method=yeo-johnson, handle_unknown_categorical=True, unknown_categorical_method=least_frequent, pca=False, pca_method=linear, pca_components=None, ignore_low_variance=False, combine_rare_levels=False, rare_level_threshold=0.1, bin_numeric_features=None, remove_outliers=False, outliers_threshold=0.05, remove_multicollinearity=False, multicollinearity_threshold=0.9, remove_perfect_collinearity=True, create_clusters=False, cluster_iter=20, polynomial_features=False, polynomial_degree=2, trigonometry_features=False, polynomial_threshold=0.1, group_features=None, group_names=None, feature_selection=False, feature_selection_threshold=0.8, feature_selection_method=classic, feature_interaction=False, feature_ratio=False, interaction_threshold=0.01, fix_imbalance=False, fix_imbalance_method=None, transform_target=False, transform_target_method=box-cox, data_split_shuffle=True, data_split_stratify=False, fold_strategy=kfold, fold=10, fold_shuffle=False, fold_groups=None, n_jobs=-1, use_gpu=True, custom_pipeline=None, html=True, session_id=42, log_experiment=False, experiment_name=None, experiment_custom_tags=None, log_plots=False, log_profile=False, log_data=False, silent=True, verbose=True, profile=False, profile_kwargs=None, display=None)
2022-05-27 15:05:42,037:INFO:Checking environment
2022-05-27 15:05:42,037:INFO:python_version: 3.8.11
2022-05-27 15:05:42,037:INFO:python_build: ('default', 'Aug  3 2021 06:49:12')
2022-05-27 15:05:42,038:INFO:machine: AMD64
2022-05-27 15:05:42,058:INFO:platform: Windows-10-10.0.19044-SP0
2022-05-27 15:05:42,059:WARNING:cannot find psutil installation. memory not traceable. Install psutil using pip to enable memory logging.
2022-05-27 15:05:42,060:INFO:Checking libraries
2022-05-27 15:05:42,060:INFO:pd==1.3.2
2022-05-27 15:05:42,060:INFO:numpy==1.19.5
2022-05-27 15:05:42,060:INFO:sklearn==0.23.2
2022-05-27 15:05:42,060:INFO:lightgbm==3.3.2
2022-05-27 15:05:42,062:WARNING:catboost not found
2022-05-27 15:05:42,063:WARNING:xgboost not found
2022-05-27 15:05:42,063:INFO:mlflow==1.24.0
2022-05-27 15:05:42,064:INFO:Checking Exceptions
2022-05-27 15:05:42,064:INFO:Declaring global variables
2022-05-27 15:05:42,064:INFO:USI: 7ba7
2022-05-27 15:05:42,064:INFO:pycaret_globals: {'data_before_preprocess', 'fold_generator', 'log_plots_param', 'create_model_container', 'fold_groups_param', 'prep_pipe', 'exp_name_log', '_all_models_internal', 'fix_imbalance_param', 'imputation_regressor', 'dashboard_logger', 'y_train', '_available_plots', '_ml_usecase', 'fold_shuffle_param', 'gpu_param', '_all_models', 'y_test', 'logging_param', '_gpu_n_jobs_param', 'iterative_imputation_iters_param', 'pycaret_globals', 'display_container', 'experiment__', 'X', 'X_test', '_internal_pipeline', 'imputation_classifier', 'seed', 'X_train', 'stratify_param', 'html_param', 'target_param', 'USI', '_all_metrics', 'fix_imbalance_method_param', 'y', 'transform_target_method_param', 'fold_param', 'fold_groups_param_full', 'n_jobs_param', 'master_model_container', 'transform_target_param'}
2022-05-27 15:05:42,064:INFO:Preparing display monitor
2022-05-27 15:05:42,064:INFO:Preparing display monitor
2022-05-27 15:05:42,073:INFO:Importing libraries
2022-05-27 15:05:42,073:INFO:Copying data for preprocessing
2022-05-27 15:05:42,078:INFO:Declaring preprocessing parameters
2022-05-27 15:05:42,079:WARNING:cuML not found
2022-05-27 15:05:42,079:WARNING:cuML is outdated or not found. Required version is >=0.15, got 3.3.2
2022-05-27 15:05:42,080:INFO:Creating preprocessing pipeline
2022-05-27 15:05:42,085:INFO:Preprocessing pipeline created successfully
2022-05-27 15:05:42,085:ERROR:(Process Exit): setup has been interupted with user command 'quit'. setup must rerun.
2022-05-27 15:05:42,085:INFO:Creating global containers
2022-05-27 15:05:42,087:INFO:Internal pipeline: Pipeline(memory=None, steps=[('empty_step', 'passthrough')], verbose=False)
2022-05-27 15:05:42,157:WARNING:Couldn't import cuml.linear_model.LinearRegression
2022-05-27 15:05:42,158:WARNING:Couldn't import cuml.linear_model.Lasso
2022-05-27 15:05:42,165:WARNING:Couldn't import cuml.linear_model.Ridge
2022-05-27 15:05:42,172:WARNING:Couldn't import cuml.linear_model.ElasticNet
2022-05-27 15:05:42,235:WARNING:Couldn't import cuml.svm.SVR
2022-05-27 15:05:42,286:WARNING:Couldn't import cuml.neighbors.KNeighborsRegressor
2022-05-27 15:05:42,288:WARNING:Couldn't import cuml.ensemble
2022-05-27 15:05:42,290:WARNING:Couldn't import xgboost.XGBRegressor
2022-05-27 15:05:42,945:WARNING:Couldn't import catboost.CatBoostRegressor
2022-05-27 15:05:42,947:WARNING:Couldn't import cuml.linear_model.LinearRegression
2022-05-27 15:05:42,948:WARNING:Couldn't import cuml.linear_model.Lasso
2022-05-27 15:05:42,954:WARNING:Couldn't import cuml.linear_model.Ridge
2022-05-27 15:05:42,961:WARNING:Couldn't import cuml.linear_model.ElasticNet
2022-05-27 15:05:43,026:WARNING:Couldn't import cuml.svm.SVR
2022-05-27 15:05:43,078:WARNING:Couldn't import cuml.neighbors.KNeighborsRegressor
2022-05-27 15:05:43,080:WARNING:Couldn't import cuml.ensemble
2022-05-27 15:05:43,082:WARNING:Couldn't import xgboost.XGBRegressor
2022-05-27 15:05:43,331:WARNING:Couldn't import catboost.CatBoostRegressor
2022-05-27 15:05:43,331:INFO:Creating grid variables
2022-05-27 15:05:43,335:INFO:create_model_container: 0
2022-05-27 15:05:43,335:INFO:master_model_container: 0
2022-05-27 15:05:43,335:INFO:display_container: 1
2022-05-27 15:05:43,336:INFO:Pipeline(memory=None,
         steps=[('dtypes',
                 DataTypes_Auto_infer(categorical_features=[],
                                      display_types=False, features_todrop=[],
                                      id_columns=[], ml_usecase='regression',
                                      numerical_features=[], target='hue',
                                      time_features=[]))],
         verbose=False)
2022-05-27 15:05:43,336:INFO:setup() succesfully completed......................................
2022-05-27 15:05:43,409:INFO:Initializing compare_models()
2022-05-27 15:05:43,409:INFO:compare_models(include=['dt'], fold=None, round=4, cross_validation=True, sort=R2, n_select=1, budget_time=None, turbo=True, errors=ignore, fit_kwargs=None, groups=None, experiment_custom_tags=None, probability_threshold=None, verbose=True, display=None, exclude=None)
2022-05-27 15:05:43,409:INFO:Checking exceptions
2022-05-27 15:05:43,409:INFO:Preparing display monitor
2022-05-27 15:05:43,409:INFO:Preparing display monitor
2022-05-27 15:05:43,425:INFO:Initializing Decision Tree Regressor
2022-05-27 15:05:43,425:INFO:Total runtime is 0.0 minutes
2022-05-27 15:05:43,430:INFO:SubProcess create_model() called ==================================
2022-05-27 15:05:43,430:INFO:Initializing create_model()
2022-05-27 15:05:43,430:INFO:create_model(estimator=dt, fold=KFold(n_splits=10, random_state=None, shuffle=False), round=4, cross_validation=True, predict=True, fit_kwargs={}, groups=None, refit=False, verbose=False, system=False, metrics=None, experiment_custom_tags=None, add_to_model_list=True, probability_threshold=None, display=<pycaret.internal.Display.Display object at 0x0000022757E2C490>, return_train_score=False, kwargs={})
2022-05-27 15:05:43,430:INFO:Checking exceptions
2022-05-27 15:05:43,430:INFO:Importing libraries
2022-05-27 15:05:43,430:INFO:Copying training dataset
2022-05-27 15:05:43,431:INFO:Defining folds
2022-05-27 15:05:43,431:INFO:Declaring metric variables
2022-05-27 15:05:43,440:INFO:Importing untrained model
2022-05-27 15:05:43,445:INFO:Decision Tree Regressor Imported succesfully
2022-05-27 15:05:43,457:INFO:Starting cross validation
2022-05-27 15:05:43,464:INFO:Cross validating with KFold(n_splits=10, random_state=None, shuffle=False), n_jobs=1
2022-05-27 15:05:43,501:INFO:Calculating mean and std
2022-05-27 15:05:43,502:INFO:Creating metrics dataframe
2022-05-27 15:05:43,506:INFO:Uploading results into container
2022-05-27 15:05:43,506:INFO:Uploading model into container now
2022-05-27 15:05:43,506:INFO:create_model_container: 1
2022-05-27 15:05:43,506:INFO:master_model_container: 1
2022-05-27 15:05:43,506:INFO:display_container: 2
2022-05-27 15:05:43,507:INFO:DecisionTreeRegressor(ccp_alpha=0.0, criterion='mse', max_depth=None,
                      max_features=None, max_leaf_nodes=None,
                      min_impurity_decrease=0.0, min_impurity_split=None,
                      min_samples_leaf=1, min_samples_split=2,
                      min_weight_fraction_leaf=0.0, presort='deprecated',
                      random_state=42, splitter='best')
2022-05-27 15:05:43,507:INFO:create_model() succesfully completed......................................
2022-05-27 15:05:43,582:WARNING:create_model() for DecisionTreeRegressor(ccp_alpha=0.0, criterion='mse', max_depth=None,
                      max_features=None, max_leaf_nodes=None,
                      min_impurity_decrease=0.0, min_impurity_split=None,
                      min_samples_leaf=1, min_samples_split=2,
                      min_weight_fraction_leaf=0.0, presort='deprecated',
                      random_state=42, splitter='best') raised an exception or returned all 0.0, trying without fit_kwargs:
2022-05-27 15:05:43,585:WARNING:Traceback (most recent call last):
  File "C:\Users\gumdu\anaconda3\envs\report\lib\site-packages\pycaret\internal\tabular.py", line 2205, in compare_models
    assert np.sum(model_results.iloc[0]) != 0.0
AssertionError

2022-05-27 15:05:43,585:INFO:Initializing create_model()
2022-05-27 15:05:43,585:INFO:create_model(estimator=dt, fold=KFold(n_splits=10, random_state=None, shuffle=False), round=4, cross_validation=True, predict=True, fit_kwargs={}, groups=None, refit=False, verbose=False, system=False, metrics=None, experiment_custom_tags=None, add_to_model_list=True, probability_threshold=None, display=<pycaret.internal.Display.Display object at 0x0000022757E2C490>, return_train_score=False, kwargs={})
2022-05-27 15:05:43,585:INFO:Checking exceptions
2022-05-27 15:05:43,586:INFO:Importing libraries
2022-05-27 15:05:43,586:INFO:Copying training dataset
2022-05-27 15:05:43,586:INFO:Defining folds
2022-05-27 15:05:43,586:INFO:Declaring metric variables
2022-05-27 15:05:43,593:INFO:Importing untrained model
2022-05-27 15:05:43,598:INFO:Decision Tree Regressor Imported succesfully
2022-05-27 15:05:43,623:INFO:Starting cross validation
2022-05-27 15:05:43,623:INFO:Cross validating with KFold(n_splits=10, random_state=None, shuffle=False), n_jobs=1
2022-05-27 15:05:43,659:INFO:Calculating mean and std
2022-05-27 15:05:43,660:INFO:Creating metrics dataframe
2022-05-27 15:05:43,664:INFO:Uploading results into container
2022-05-27 15:05:43,664:INFO:Uploading model into container now
2022-05-27 15:05:43,665:INFO:create_model_container: 2
2022-05-27 15:05:43,665:INFO:master_model_container: 2
2022-05-27 15:05:43,665:INFO:display_container: 2
2022-05-27 15:05:43,665:INFO:DecisionTreeRegressor(ccp_alpha=0.0, criterion='mse', max_depth=None,
                      max_features=None, max_leaf_nodes=None,
                      min_impurity_decrease=0.0, min_impurity_split=None,
                      min_samples_leaf=1, min_samples_split=2,
                      min_weight_fraction_leaf=0.0, presort='deprecated',
                      random_state=42, splitter='best')
2022-05-27 15:05:43,665:INFO:create_model() succesfully completed......................................
2022-05-27 15:05:43,745:ERROR:create_model() for DecisionTreeRegressor(ccp_alpha=0.0, criterion='mse', max_depth=None,
                      max_features=None, max_leaf_nodes=None,
                      min_impurity_decrease=0.0, min_impurity_split=None,
                      min_samples_leaf=1, min_samples_split=2,
                      min_weight_fraction_leaf=0.0, presort='deprecated',
                      random_state=42, splitter='best') raised an exception or returned all 0.0:
2022-05-27 15:05:43,745:ERROR:Traceback (most recent call last):
  File "C:\Users\gumdu\anaconda3\envs\report\lib\site-packages\pycaret\internal\tabular.py", line 2205, in compare_models
    assert np.sum(model_results.iloc[0]) != 0.0
AssertionError

During handling of the above exception, another exception occurred:

Traceback (most recent call last):
  File "C:\Users\gumdu\anaconda3\envs\report\lib\site-packages\pycaret\internal\tabular.py", line 2214, in compare_models
    assert np.sum(model_results.iloc[0]) != 0.0
AssertionError

2022-05-27 15:05:43,753:INFO:create_model_container: 2
2022-05-27 15:05:43,753:INFO:master_model_container: 2
2022-05-27 15:05:43,753:INFO:display_container: 2
2022-05-27 15:05:43,753:INFO:[]
2022-05-27 15:05:43,753:INFO:compare_models() succesfully completed......................................
2022-05-27 15:05:43,761:INFO:PyCaret Supervised Module
2022-05-27 15:05:43,761:INFO:ML Usecase: regression
2022-05-27 15:05:43,761:INFO:version 2.3.9
2022-05-27 15:05:43,762:INFO:Initializing setup()
2022-05-27 15:05:43,762:INFO:setup(target=hue, ml_usecase=regression, available_plots={'parameter': 'Hyperparameters', 'residuals': 'Residuals', 'error': 'Prediction Error', 'cooks': 'Cooks Distance', 'rfe': 'Feature Selection', 'learning': 'Learning Curve', 'manifold': 'Manifold Learning', 'vc': 'Validation Curve', 'feature': 'Feature Importance', 'feature_all': 'Feature Importance (All)', 'tree': 'Decision Tree', 'residuals_interactive': 'Interactive Residuals'}, train_size=0.7, test_data=None, preprocess=False, imputation_type=simple, iterative_imputation_iters=5, categorical_features=None, categorical_imputation=constant, categorical_iterative_imputer=lightgbm, ordinal_features=None, high_cardinality_features=None, high_cardinality_method=frequency, numeric_features=None, numeric_imputation=mean, numeric_iterative_imputer=lightgbm, date_features=None, ignore_features=None, normalize=False, normalize_method=zscore, transformation=False, transformation_method=yeo-johnson, handle_unknown_categorical=True, unknown_categorical_method=least_frequent, pca=False, pca_method=linear, pca_components=None, ignore_low_variance=False, combine_rare_levels=False, rare_level_threshold=0.1, bin_numeric_features=None, remove_outliers=False, outliers_threshold=0.05, remove_multicollinearity=False, multicollinearity_threshold=0.9, remove_perfect_collinearity=True, create_clusters=False, cluster_iter=20, polynomial_features=False, polynomial_degree=2, trigonometry_features=False, polynomial_threshold=0.1, group_features=None, group_names=None, feature_selection=False, feature_selection_threshold=0.8, feature_selection_method=classic, feature_interaction=False, feature_ratio=False, interaction_threshold=0.01, fix_imbalance=False, fix_imbalance_method=None, transform_target=False, transform_target_method=box-cox, data_split_shuffle=True, data_split_stratify=False, fold_strategy=kfold, fold=10, fold_shuffle=False, fold_groups=None, n_jobs=-1, use_gpu=True, custom_pipeline=None, html=True, session_id=42, log_experiment=False, experiment_name=None, experiment_custom_tags=None, log_plots=False, log_profile=False, log_data=False, silent=True, verbose=True, profile=False, profile_kwargs=None, display=None)
2022-05-27 15:05:43,762:INFO:Checking environment
2022-05-27 15:05:43,762:INFO:python_version: 3.8.11
2022-05-27 15:05:43,762:INFO:python_build: ('default', 'Aug  3 2021 06:49:12')
2022-05-27 15:05:43,762:INFO:machine: AMD64
2022-05-27 15:05:43,762:INFO:platform: Windows-10-10.0.19044-SP0
2022-05-27 15:05:43,763:WARNING:cannot find psutil installation. memory not traceable. Install psutil using pip to enable memory logging.
2022-05-27 15:05:43,763:INFO:Checking libraries
2022-05-27 15:05:43,763:INFO:pd==1.3.2
2022-05-27 15:05:43,763:INFO:numpy==1.19.5
2022-05-27 15:05:43,763:INFO:sklearn==0.23.2
2022-05-27 15:05:43,763:INFO:lightgbm==3.3.2
2022-05-27 15:05:43,764:WARNING:catboost not found
2022-05-27 15:05:43,765:WARNING:xgboost not found
2022-05-27 15:05:43,765:INFO:mlflow==1.24.0
2022-05-27 15:05:43,766:INFO:Checking Exceptions
2022-05-27 15:05:43,766:INFO:Declaring global variables
2022-05-27 15:05:43,766:INFO:USI: e97d
2022-05-27 15:05:43,766:INFO:pycaret_globals: {'data_before_preprocess', 'fold_generator', 'log_plots_param', 'create_model_container', 'fold_groups_param', 'prep_pipe', 'exp_name_log', '_all_models_internal', 'fix_imbalance_param', 'imputation_regressor', 'dashboard_logger', 'y_train', '_available_plots', '_ml_usecase', 'fold_shuffle_param', 'gpu_param', '_all_models', 'y_test', 'logging_param', '_gpu_n_jobs_param', 'iterative_imputation_iters_param', 'pycaret_globals', 'display_container', 'experiment__', 'X', 'X_test', '_internal_pipeline', 'imputation_classifier', 'seed', 'X_train', 'stratify_param', 'html_param', 'target_param', 'USI', '_all_metrics', 'fix_imbalance_method_param', 'y', 'transform_target_method_param', 'fold_param', 'fold_groups_param_full', 'n_jobs_param', 'master_model_container', 'transform_target_param'}
2022-05-27 15:05:43,766:INFO:Preparing display monitor
2022-05-27 15:05:43,766:INFO:Preparing display monitor
2022-05-27 15:05:43,774:INFO:Importing libraries
2022-05-27 15:05:43,774:INFO:Copying data for preprocessing
2022-05-27 15:05:43,780:INFO:Declaring preprocessing parameters
2022-05-27 15:05:43,781:WARNING:cuML not found
2022-05-27 15:05:43,781:WARNING:cuML is outdated or not found. Required version is >=0.15, got 3.3.2
2022-05-27 15:05:43,782:INFO:Creating preprocessing pipeline
2022-05-27 15:05:43,791:INFO:Preprocessing pipeline created successfully
2022-05-27 15:05:43,791:ERROR:(Process Exit): setup has been interupted with user command 'quit'. setup must rerun.
2022-05-27 15:05:43,791:INFO:Creating global containers
2022-05-27 15:05:43,792:INFO:Internal pipeline: Pipeline(memory=None, steps=[('empty_step', 'passthrough')], verbose=False)
2022-05-27 15:05:43,856:WARNING:Couldn't import cuml.linear_model.LinearRegression
2022-05-27 15:05:43,856:WARNING:Couldn't import cuml.linear_model.Lasso
2022-05-27 15:05:43,863:WARNING:Couldn't import cuml.linear_model.Ridge
2022-05-27 15:05:43,869:WARNING:Couldn't import cuml.linear_model.ElasticNet
2022-05-27 15:05:43,934:WARNING:Couldn't import cuml.svm.SVR
2022-05-27 15:05:43,985:WARNING:Couldn't import cuml.neighbors.KNeighborsRegressor
2022-05-27 15:05:43,986:WARNING:Couldn't import cuml.ensemble
2022-05-27 15:05:43,987:WARNING:Couldn't import xgboost.XGBRegressor
2022-05-27 15:05:44,163:WARNING:Couldn't import catboost.CatBoostRegressor
2022-05-27 15:05:44,164:WARNING:Couldn't import cuml.linear_model.LinearRegression
2022-05-27 15:05:44,165:WARNING:Couldn't import cuml.linear_model.Lasso
2022-05-27 15:05:44,171:WARNING:Couldn't import cuml.linear_model.Ridge
2022-05-27 15:05:44,177:WARNING:Couldn't import cuml.linear_model.ElasticNet
2022-05-27 15:05:44,242:WARNING:Couldn't import cuml.svm.SVR
2022-05-27 15:05:44,295:WARNING:Couldn't import cuml.neighbors.KNeighborsRegressor
2022-05-27 15:05:44,297:WARNING:Couldn't import cuml.ensemble
2022-05-27 15:05:44,298:WARNING:Couldn't import xgboost.XGBRegressor
2022-05-27 15:05:44,502:WARNING:Couldn't import catboost.CatBoostRegressor
2022-05-27 15:05:44,502:INFO:Creating grid variables
2022-05-27 15:05:44,506:INFO:create_model_container: 0
2022-05-27 15:05:44,506:INFO:master_model_container: 0
2022-05-27 15:05:44,506:INFO:display_container: 1
2022-05-27 15:05:44,507:INFO:Pipeline(memory=None,
         steps=[('dtypes',
                 DataTypes_Auto_infer(categorical_features=[],
                                      display_types=False, features_todrop=[],
                                      id_columns=[], ml_usecase='regression',
                                      numerical_features=[], target='hue',
                                      time_features=[]))],
         verbose=False)
2022-05-27 15:05:44,507:INFO:setup() succesfully completed......................................
2022-05-27 15:05:44,584:INFO:Initializing compare_models()
2022-05-27 15:05:44,584:INFO:compare_models(include=['dt'], fold=None, round=4, cross_validation=True, sort=R2, n_select=1, budget_time=None, turbo=True, errors=ignore, fit_kwargs=None, groups=None, experiment_custom_tags=None, probability_threshold=None, verbose=True, display=None, exclude=None)
2022-05-27 15:05:44,584:INFO:Checking exceptions
2022-05-27 15:05:44,584:INFO:Preparing display monitor
2022-05-27 15:05:44,585:INFO:Preparing display monitor
2022-05-27 15:05:44,600:INFO:Initializing Decision Tree Regressor
2022-05-27 15:05:44,600:INFO:Total runtime is 0.0 minutes
2022-05-27 15:05:44,605:INFO:SubProcess create_model() called ==================================
2022-05-27 15:05:44,605:INFO:Initializing create_model()
2022-05-27 15:05:44,605:INFO:create_model(estimator=dt, fold=KFold(n_splits=10, random_state=None, shuffle=False), round=4, cross_validation=True, predict=True, fit_kwargs={}, groups=None, refit=False, verbose=False, system=False, metrics=None, experiment_custom_tags=None, add_to_model_list=True, probability_threshold=None, display=<pycaret.internal.Display.Display object at 0x0000022757E2C220>, return_train_score=False, kwargs={})
2022-05-27 15:05:44,606:INFO:Checking exceptions
2022-05-27 15:05:44,606:INFO:Importing libraries
2022-05-27 15:05:44,606:INFO:Copying training dataset
2022-05-27 15:05:44,606:INFO:Defining folds
2022-05-27 15:05:44,606:INFO:Declaring metric variables
2022-05-27 15:05:44,613:INFO:Importing untrained model
2022-05-27 15:05:44,618:INFO:Decision Tree Regressor Imported succesfully
2022-05-27 15:05:44,630:INFO:Starting cross validation
2022-05-27 15:05:44,631:INFO:Cross validating with KFold(n_splits=10, random_state=None, shuffle=False), n_jobs=1
2022-05-27 15:05:44,697:INFO:Calculating mean and std
2022-05-27 15:05:44,698:INFO:Creating metrics dataframe
2022-05-27 15:05:44,702:INFO:Uploading results into container
2022-05-27 15:05:44,702:INFO:Uploading model into container now
2022-05-27 15:05:44,702:INFO:create_model_container: 1
2022-05-27 15:05:44,703:INFO:master_model_container: 1
2022-05-27 15:05:44,703:INFO:display_container: 2
2022-05-27 15:05:44,703:INFO:DecisionTreeRegressor(ccp_alpha=0.0, criterion='mse', max_depth=None,
                      max_features=None, max_leaf_nodes=None,
                      min_impurity_decrease=0.0, min_impurity_split=None,
                      min_samples_leaf=1, min_samples_split=2,
                      min_weight_fraction_leaf=0.0, presort='deprecated',
                      random_state=42, splitter='best')
2022-05-27 15:05:44,703:INFO:create_model() succesfully completed......................................
2022-05-27 15:05:44,779:INFO:SubProcess create_model() end ==================================
2022-05-27 15:05:44,779:INFO:Creating metrics dataframe
2022-05-27 15:05:44,797:INFO:Initializing create_model()
2022-05-27 15:05:44,797:INFO:create_model(estimator=DecisionTreeRegressor(ccp_alpha=0.0, criterion='mse', max_depth=None,
                      max_features=None, max_leaf_nodes=None,
                      min_impurity_decrease=0.0, min_impurity_split=None,
                      min_samples_leaf=1, min_samples_split=2,
                      min_weight_fraction_leaf=0.0, presort='deprecated',
                      random_state=42, splitter='best'), fold=KFold(n_splits=10, random_state=None, shuffle=False), round=4, cross_validation=False, predict=False, fit_kwargs={}, groups=None, refit=True, verbose=False, system=False, metrics=None, experiment_custom_tags=None, add_to_model_list=True, probability_threshold=None, display=None, return_train_score=False, kwargs={})
2022-05-27 15:05:44,797:INFO:Checking exceptions
2022-05-27 15:05:44,797:INFO:Importing libraries
2022-05-27 15:05:44,797:INFO:Copying training dataset
2022-05-27 15:05:44,798:INFO:Defining folds
2022-05-27 15:05:44,798:INFO:Declaring metric variables
2022-05-27 15:05:44,798:INFO:Importing untrained model
2022-05-27 15:05:44,798:INFO:Declaring custom model
2022-05-27 15:05:44,798:INFO:Decision Tree Regressor Imported succesfully
2022-05-27 15:05:44,799:INFO:Cross validation set to False
2022-05-27 15:05:44,799:INFO:Fitting Model
2022-05-27 15:05:44,802:INFO:DecisionTreeRegressor(ccp_alpha=0.0, criterion='mse', max_depth=None,
                      max_features=None, max_leaf_nodes=None,
                      min_impurity_decrease=0.0, min_impurity_split=None,
                      min_samples_leaf=1, min_samples_split=2,
                      min_weight_fraction_leaf=0.0, presort='deprecated',
                      random_state=42, splitter='best')
2022-05-27 15:05:44,802:INFO:create_models() succesfully completed......................................
2022-05-27 15:05:44,878:INFO:create_model_container: 1
2022-05-27 15:05:44,878:INFO:master_model_container: 1
2022-05-27 15:05:44,878:INFO:display_container: 2
2022-05-27 15:05:44,878:INFO:DecisionTreeRegressor(ccp_alpha=0.0, criterion='mse', max_depth=None,
                      max_features=None, max_leaf_nodes=None,
                      min_impurity_decrease=0.0, min_impurity_split=None,
                      min_samples_leaf=1, min_samples_split=2,
                      min_weight_fraction_leaf=0.0, presort='deprecated',
                      random_state=42, splitter='best')
2022-05-27 15:05:44,879:INFO:compare_models() succesfully completed......................................
2022-05-27 15:07:32,335:INFO:PyCaret Supervised Module
2022-05-27 15:07:32,336:INFO:ML Usecase: regression
2022-05-27 15:07:32,336:INFO:version 2.3.9
2022-05-27 15:07:32,336:INFO:Initializing setup()
2022-05-27 15:07:32,337:INFO:setup(target=hue, ml_usecase=regression, available_plots={'parameter': 'Hyperparameters', 'residuals': 'Residuals', 'error': 'Prediction Error', 'cooks': 'Cooks Distance', 'rfe': 'Feature Selection', 'learning': 'Learning Curve', 'manifold': 'Manifold Learning', 'vc': 'Validation Curve', 'feature': 'Feature Importance', 'feature_all': 'Feature Importance (All)', 'tree': 'Decision Tree', 'residuals_interactive': 'Interactive Residuals'}, train_size=0.7, test_data=None, preprocess=False, imputation_type=simple, iterative_imputation_iters=5, categorical_features=None, categorical_imputation=constant, categorical_iterative_imputer=lightgbm, ordinal_features=None, high_cardinality_features=None, high_cardinality_method=frequency, numeric_features=None, numeric_imputation=mean, numeric_iterative_imputer=lightgbm, date_features=None, ignore_features=None, normalize=False, normalize_method=zscore, transformation=False, transformation_method=yeo-johnson, handle_unknown_categorical=True, unknown_categorical_method=least_frequent, pca=False, pca_method=linear, pca_components=None, ignore_low_variance=False, combine_rare_levels=False, rare_level_threshold=0.1, bin_numeric_features=None, remove_outliers=False, outliers_threshold=0.05, remove_multicollinearity=False, multicollinearity_threshold=0.9, remove_perfect_collinearity=True, create_clusters=False, cluster_iter=20, polynomial_features=False, polynomial_degree=2, trigonometry_features=False, polynomial_threshold=0.1, group_features=None, group_names=None, feature_selection=False, feature_selection_threshold=0.8, feature_selection_method=classic, feature_interaction=False, feature_ratio=False, interaction_threshold=0.01, fix_imbalance=False, fix_imbalance_method=None, transform_target=False, transform_target_method=box-cox, data_split_shuffle=True, data_split_stratify=False, fold_strategy=kfold, fold=10, fold_shuffle=False, fold_groups=None, n_jobs=-1, use_gpu=True, custom_pipeline=None, html=True, session_id=42, log_experiment=False, experiment_name=None, experiment_custom_tags=None, log_plots=False, log_profile=False, log_data=False, silent=True, verbose=True, profile=False, profile_kwargs=None, display=None)
2022-05-27 15:07:32,337:INFO:Checking environment
2022-05-27 15:07:32,337:INFO:python_version: 3.8.11
2022-05-27 15:07:32,337:INFO:python_build: ('default', 'Aug  3 2021 06:49:12')
2022-05-27 15:07:32,337:INFO:machine: AMD64
2022-05-27 15:07:32,356:INFO:platform: Windows-10-10.0.19044-SP0
2022-05-27 15:07:32,358:WARNING:cannot find psutil installation. memory not traceable. Install psutil using pip to enable memory logging.
2022-05-27 15:07:32,358:INFO:Checking libraries
2022-05-27 15:07:32,358:INFO:pd==1.3.2
2022-05-27 15:07:32,358:INFO:numpy==1.19.5
2022-05-27 15:07:32,358:INFO:sklearn==0.23.2
2022-05-27 15:07:32,358:INFO:lightgbm==3.3.2
2022-05-27 15:07:32,360:WARNING:catboost not found
2022-05-27 15:07:32,361:WARNING:xgboost not found
2022-05-27 15:07:32,362:INFO:mlflow==1.24.0
2022-05-27 15:07:32,362:INFO:Checking Exceptions
2022-05-27 15:07:32,362:INFO:Declaring global variables
2022-05-27 15:07:32,362:INFO:USI: 6888
2022-05-27 15:07:32,362:INFO:pycaret_globals: {'y_test', 'fix_imbalance_method_param', 'fold_generator', 'imputation_classifier', '_available_plots', '_gpu_n_jobs_param', 'fold_param', '_all_metrics', 'seed', 'master_model_container', 'gpu_param', 'fold_groups_param', 'X_test', 'logging_param', 'transform_target_param', 'create_model_container', 'data_before_preprocess', 'fix_imbalance_param', 'pycaret_globals', 'n_jobs_param', 'target_param', 'iterative_imputation_iters_param', 'prep_pipe', 'exp_name_log', 'fold_shuffle_param', 'stratify_param', 'fold_groups_param_full', '_all_models', 'y_train', 'display_container', '_all_models_internal', 'transform_target_method_param', '_ml_usecase', 'html_param', 'log_plots_param', 'experiment__', 'X', 'USI', 'imputation_regressor', '_internal_pipeline', 'y', 'dashboard_logger', 'X_train'}
2022-05-27 15:07:32,362:INFO:Preparing display monitor
2022-05-27 15:07:32,362:INFO:Preparing display monitor
2022-05-27 15:07:32,372:INFO:Importing libraries
2022-05-27 15:07:32,372:INFO:Copying data for preprocessing
2022-05-27 15:07:32,376:INFO:Declaring preprocessing parameters
2022-05-27 15:07:32,378:WARNING:cuML not found
2022-05-27 15:07:32,378:WARNING:cuML is outdated or not found. Required version is >=0.15, got 3.3.2
2022-05-27 15:07:32,379:INFO:Creating preprocessing pipeline
2022-05-27 15:07:32,384:INFO:Preprocessing pipeline created successfully
2022-05-27 15:07:32,384:ERROR:(Process Exit): setup has been interupted with user command 'quit'. setup must rerun.
2022-05-27 15:07:32,384:INFO:Creating global containers
2022-05-27 15:07:32,385:INFO:Internal pipeline: Pipeline(memory=None, steps=[('empty_step', 'passthrough')], verbose=False)
2022-05-27 15:07:32,450:WARNING:Couldn't import cuml.linear_model.LinearRegression
2022-05-27 15:07:32,451:WARNING:Couldn't import cuml.linear_model.Lasso
2022-05-27 15:07:32,458:WARNING:Couldn't import cuml.linear_model.Ridge
2022-05-27 15:07:32,464:WARNING:Couldn't import cuml.linear_model.ElasticNet
2022-05-27 15:07:32,527:WARNING:Couldn't import cuml.svm.SVR
2022-05-27 15:07:32,578:WARNING:Couldn't import cuml.neighbors.KNeighborsRegressor
2022-05-27 15:07:32,579:WARNING:Couldn't import cuml.ensemble
2022-05-27 15:07:32,581:WARNING:Couldn't import xgboost.XGBRegressor
2022-05-27 15:07:32,867:WARNING:Couldn't import catboost.CatBoostRegressor
2022-05-27 15:07:32,869:WARNING:Couldn't import cuml.linear_model.LinearRegression
2022-05-27 15:07:32,870:WARNING:Couldn't import cuml.linear_model.Lasso
2022-05-27 15:07:32,877:WARNING:Couldn't import cuml.linear_model.Ridge
2022-05-27 15:07:32,883:WARNING:Couldn't import cuml.linear_model.ElasticNet
2022-05-27 15:07:32,946:WARNING:Couldn't import cuml.svm.SVR
2022-05-27 15:07:32,998:WARNING:Couldn't import cuml.neighbors.KNeighborsRegressor
2022-05-27 15:07:33,001:WARNING:Couldn't import cuml.ensemble
2022-05-27 15:07:33,002:WARNING:Couldn't import xgboost.XGBRegressor
2022-05-27 15:07:33,167:WARNING:Couldn't import catboost.CatBoostRegressor
2022-05-27 15:07:33,167:INFO:Creating grid variables
2022-05-27 15:07:33,171:INFO:create_model_container: 0
2022-05-27 15:07:33,171:INFO:master_model_container: 0
2022-05-27 15:07:33,171:INFO:display_container: 1
2022-05-27 15:07:33,173:INFO:Pipeline(memory=None,
         steps=[('dtypes',
                 DataTypes_Auto_infer(categorical_features=[],
                                      display_types=False, features_todrop=[],
                                      id_columns=[], ml_usecase='regression',
                                      numerical_features=[], target='hue',
                                      time_features=[]))],
         verbose=False)
2022-05-27 15:07:33,173:INFO:setup() succesfully completed......................................
2022-05-27 15:07:33,251:INFO:Initializing compare_models()
2022-05-27 15:07:33,251:INFO:compare_models(include=['dt'], fold=None, round=4, cross_validation=True, sort=R2, n_select=1, budget_time=None, turbo=True, errors=ignore, fit_kwargs=None, groups=None, experiment_custom_tags=None, probability_threshold=None, verbose=True, display=None, exclude=None)
2022-05-27 15:07:33,252:INFO:Checking exceptions
2022-05-27 15:07:33,252:INFO:Preparing display monitor
2022-05-27 15:07:33,252:INFO:Preparing display monitor
2022-05-27 15:07:33,267:INFO:Initializing Decision Tree Regressor
2022-05-27 15:07:33,268:INFO:Total runtime is 1.6657511393229165e-05 minutes
2022-05-27 15:07:33,272:INFO:SubProcess create_model() called ==================================
2022-05-27 15:07:33,273:INFO:Initializing create_model()
2022-05-27 15:07:33,273:INFO:create_model(estimator=dt, fold=KFold(n_splits=10, random_state=None, shuffle=False), round=4, cross_validation=True, predict=True, fit_kwargs={}, groups=None, refit=False, verbose=False, system=False, metrics=None, experiment_custom_tags=None, add_to_model_list=True, probability_threshold=None, display=<pycaret.internal.Display.Display object at 0x0000013CA4E70460>, return_train_score=False, kwargs={})
2022-05-27 15:07:33,273:INFO:Checking exceptions
2022-05-27 15:07:33,273:INFO:Importing libraries
2022-05-27 15:07:33,273:INFO:Copying training dataset
2022-05-27 15:07:33,274:INFO:Defining folds
2022-05-27 15:07:33,274:INFO:Declaring metric variables
2022-05-27 15:07:33,278:INFO:Importing untrained model
2022-05-27 15:07:33,282:INFO:Decision Tree Regressor Imported succesfully
2022-05-27 15:07:33,296:INFO:Starting cross validation
2022-05-27 15:07:33,303:INFO:Cross validating with KFold(n_splits=10, random_state=None, shuffle=False), n_jobs=1
2022-05-27 15:07:33,341:INFO:Calculating mean and std
2022-05-27 15:07:33,342:INFO:Creating metrics dataframe
2022-05-27 15:07:33,346:INFO:Uploading results into container
2022-05-27 15:07:33,346:INFO:Uploading model into container now
2022-05-27 15:07:33,346:INFO:create_model_container: 1
2022-05-27 15:07:33,346:INFO:master_model_container: 1
2022-05-27 15:07:33,346:INFO:display_container: 2
2022-05-27 15:07:33,347:INFO:DecisionTreeRegressor(ccp_alpha=0.0, criterion='mse', max_depth=None,
                      max_features=None, max_leaf_nodes=None,
                      min_impurity_decrease=0.0, min_impurity_split=None,
                      min_samples_leaf=1, min_samples_split=2,
                      min_weight_fraction_leaf=0.0, presort='deprecated',
                      random_state=42, splitter='best')
2022-05-27 15:07:33,347:INFO:create_model() succesfully completed......................................
2022-05-27 15:07:33,423:WARNING:create_model() for DecisionTreeRegressor(ccp_alpha=0.0, criterion='mse', max_depth=None,
                      max_features=None, max_leaf_nodes=None,
                      min_impurity_decrease=0.0, min_impurity_split=None,
                      min_samples_leaf=1, min_samples_split=2,
                      min_weight_fraction_leaf=0.0, presort='deprecated',
                      random_state=42, splitter='best') raised an exception or returned all 0.0, trying without fit_kwargs:
2022-05-27 15:07:33,426:WARNING:Traceback (most recent call last):
  File "C:\Users\gumdu\anaconda3\envs\report\lib\site-packages\pycaret\internal\tabular.py", line 2205, in compare_models
    assert np.sum(model_results.iloc[0]) != 0.0
AssertionError

2022-05-27 15:07:33,427:INFO:Initializing create_model()
2022-05-27 15:07:33,427:INFO:create_model(estimator=dt, fold=KFold(n_splits=10, random_state=None, shuffle=False), round=4, cross_validation=True, predict=True, fit_kwargs={}, groups=None, refit=False, verbose=False, system=False, metrics=None, experiment_custom_tags=None, add_to_model_list=True, probability_threshold=None, display=<pycaret.internal.Display.Display object at 0x0000013CA4E70460>, return_train_score=False, kwargs={})
2022-05-27 15:07:33,427:INFO:Checking exceptions
2022-05-27 15:07:33,427:INFO:Importing libraries
2022-05-27 15:07:33,427:INFO:Copying training dataset
2022-05-27 15:07:33,428:INFO:Defining folds
2022-05-27 15:07:33,428:INFO:Declaring metric variables
2022-05-27 15:07:33,434:INFO:Importing untrained model
2022-05-27 15:07:33,440:INFO:Decision Tree Regressor Imported succesfully
2022-05-27 15:07:33,451:INFO:Starting cross validation
2022-05-27 15:07:33,452:INFO:Cross validating with KFold(n_splits=10, random_state=None, shuffle=False), n_jobs=1
2022-05-27 15:07:33,487:INFO:Calculating mean and std
2022-05-27 15:07:33,488:INFO:Creating metrics dataframe
2022-05-27 15:07:33,492:INFO:Uploading results into container
2022-05-27 15:07:33,492:INFO:Uploading model into container now
2022-05-27 15:07:33,492:INFO:create_model_container: 2
2022-05-27 15:07:33,492:INFO:master_model_container: 2
2022-05-27 15:07:33,492:INFO:display_container: 2
2022-05-27 15:07:33,493:INFO:DecisionTreeRegressor(ccp_alpha=0.0, criterion='mse', max_depth=None,
                      max_features=None, max_leaf_nodes=None,
                      min_impurity_decrease=0.0, min_impurity_split=None,
                      min_samples_leaf=1, min_samples_split=2,
                      min_weight_fraction_leaf=0.0, presort='deprecated',
                      random_state=42, splitter='best')
2022-05-27 15:07:33,493:INFO:create_model() succesfully completed......................................
2022-05-27 15:07:33,570:ERROR:create_model() for DecisionTreeRegressor(ccp_alpha=0.0, criterion='mse', max_depth=None,
                      max_features=None, max_leaf_nodes=None,
                      min_impurity_decrease=0.0, min_impurity_split=None,
                      min_samples_leaf=1, min_samples_split=2,
                      min_weight_fraction_leaf=0.0, presort='deprecated',
                      random_state=42, splitter='best') raised an exception or returned all 0.0:
2022-05-27 15:07:33,570:ERROR:Traceback (most recent call last):
  File "C:\Users\gumdu\anaconda3\envs\report\lib\site-packages\pycaret\internal\tabular.py", line 2205, in compare_models
    assert np.sum(model_results.iloc[0]) != 0.0
AssertionError

During handling of the above exception, another exception occurred:

Traceback (most recent call last):
  File "C:\Users\gumdu\anaconda3\envs\report\lib\site-packages\pycaret\internal\tabular.py", line 2214, in compare_models
    assert np.sum(model_results.iloc[0]) != 0.0
AssertionError

2022-05-27 15:07:33,579:INFO:create_model_container: 2
2022-05-27 15:07:33,579:INFO:master_model_container: 2
2022-05-27 15:07:33,579:INFO:display_container: 2
2022-05-27 15:07:33,579:INFO:[]
2022-05-27 15:07:33,579:INFO:compare_models() succesfully completed......................................
2022-05-27 15:07:33,588:INFO:PyCaret Supervised Module
2022-05-27 15:07:33,588:INFO:ML Usecase: regression
2022-05-27 15:07:33,588:INFO:version 2.3.9
2022-05-27 15:07:33,588:INFO:Initializing setup()
2022-05-27 15:07:33,588:INFO:setup(target=hue, ml_usecase=regression, available_plots={'parameter': 'Hyperparameters', 'residuals': 'Residuals', 'error': 'Prediction Error', 'cooks': 'Cooks Distance', 'rfe': 'Feature Selection', 'learning': 'Learning Curve', 'manifold': 'Manifold Learning', 'vc': 'Validation Curve', 'feature': 'Feature Importance', 'feature_all': 'Feature Importance (All)', 'tree': 'Decision Tree', 'residuals_interactive': 'Interactive Residuals'}, train_size=0.7, test_data=None, preprocess=False, imputation_type=simple, iterative_imputation_iters=5, categorical_features=None, categorical_imputation=constant, categorical_iterative_imputer=lightgbm, ordinal_features=None, high_cardinality_features=None, high_cardinality_method=frequency, numeric_features=None, numeric_imputation=mean, numeric_iterative_imputer=lightgbm, date_features=None, ignore_features=None, normalize=False, normalize_method=zscore, transformation=False, transformation_method=yeo-johnson, handle_unknown_categorical=True, unknown_categorical_method=least_frequent, pca=False, pca_method=linear, pca_components=None, ignore_low_variance=False, combine_rare_levels=False, rare_level_threshold=0.1, bin_numeric_features=None, remove_outliers=False, outliers_threshold=0.05, remove_multicollinearity=False, multicollinearity_threshold=0.9, remove_perfect_collinearity=True, create_clusters=False, cluster_iter=20, polynomial_features=False, polynomial_degree=2, trigonometry_features=False, polynomial_threshold=0.1, group_features=None, group_names=None, feature_selection=False, feature_selection_threshold=0.8, feature_selection_method=classic, feature_interaction=False, feature_ratio=False, interaction_threshold=0.01, fix_imbalance=False, fix_imbalance_method=None, transform_target=False, transform_target_method=box-cox, data_split_shuffle=True, data_split_stratify=False, fold_strategy=kfold, fold=10, fold_shuffle=False, fold_groups=None, n_jobs=-1, use_gpu=True, custom_pipeline=None, html=True, session_id=42, log_experiment=False, experiment_name=None, experiment_custom_tags=None, log_plots=False, log_profile=False, log_data=False, silent=True, verbose=True, profile=False, profile_kwargs=None, display=None)
2022-05-27 15:07:33,588:INFO:Checking environment
2022-05-27 15:07:33,588:INFO:python_version: 3.8.11
2022-05-27 15:07:33,589:INFO:python_build: ('default', 'Aug  3 2021 06:49:12')
2022-05-27 15:07:33,589:INFO:machine: AMD64
2022-05-27 15:07:33,589:INFO:platform: Windows-10-10.0.19044-SP0
2022-05-27 15:07:33,590:WARNING:cannot find psutil installation. memory not traceable. Install psutil using pip to enable memory logging.
2022-05-27 15:07:33,590:INFO:Checking libraries
2022-05-27 15:07:33,590:INFO:pd==1.3.2
2022-05-27 15:07:33,590:INFO:numpy==1.19.5
2022-05-27 15:07:33,590:INFO:sklearn==0.23.2
2022-05-27 15:07:33,590:INFO:lightgbm==3.3.2
2022-05-27 15:07:33,591:WARNING:catboost not found
2022-05-27 15:07:33,592:WARNING:xgboost not found
2022-05-27 15:07:33,593:INFO:mlflow==1.24.0
2022-05-27 15:07:33,593:INFO:Checking Exceptions
2022-05-27 15:07:33,593:INFO:Declaring global variables
2022-05-27 15:07:33,593:INFO:USI: bac7
2022-05-27 15:07:33,593:INFO:pycaret_globals: {'y_test', 'fix_imbalance_method_param', 'fold_generator', 'imputation_classifier', '_available_plots', '_gpu_n_jobs_param', 'fold_param', '_all_metrics', 'seed', 'master_model_container', 'gpu_param', 'fold_groups_param', 'X_test', 'logging_param', 'transform_target_param', 'create_model_container', 'data_before_preprocess', 'fix_imbalance_param', 'pycaret_globals', 'n_jobs_param', 'target_param', 'iterative_imputation_iters_param', 'prep_pipe', 'exp_name_log', 'fold_shuffle_param', 'stratify_param', 'fold_groups_param_full', '_all_models', 'y_train', 'display_container', '_all_models_internal', 'transform_target_method_param', '_ml_usecase', 'html_param', 'log_plots_param', 'experiment__', 'X', 'USI', 'imputation_regressor', '_internal_pipeline', 'y', 'dashboard_logger', 'X_train'}
2022-05-27 15:07:33,593:INFO:Preparing display monitor
2022-05-27 15:07:33,593:INFO:Preparing display monitor
2022-05-27 15:07:33,602:INFO:Importing libraries
2022-05-27 15:07:33,602:INFO:Copying data for preprocessing
2022-05-27 15:07:33,608:INFO:Declaring preprocessing parameters
2022-05-27 15:07:33,609:WARNING:cuML not found
2022-05-27 15:07:33,609:WARNING:cuML is outdated or not found. Required version is >=0.15, got 3.3.2
2022-05-27 15:07:33,610:INFO:Creating preprocessing pipeline
2022-05-27 15:07:33,615:INFO:Preprocessing pipeline created successfully
2022-05-27 15:07:33,616:ERROR:(Process Exit): setup has been interupted with user command 'quit'. setup must rerun.
2022-05-27 15:07:33,616:INFO:Creating global containers
2022-05-27 15:07:33,616:INFO:Internal pipeline: Pipeline(memory=None, steps=[('empty_step', 'passthrough')], verbose=False)
2022-05-27 15:07:33,678:WARNING:Couldn't import cuml.linear_model.LinearRegression
2022-05-27 15:07:33,679:WARNING:Couldn't import cuml.linear_model.Lasso
2022-05-27 15:07:33,685:WARNING:Couldn't import cuml.linear_model.Ridge
2022-05-27 15:07:33,691:WARNING:Couldn't import cuml.linear_model.ElasticNet
2022-05-27 15:07:33,753:WARNING:Couldn't import cuml.svm.SVR
2022-05-27 15:07:33,803:WARNING:Couldn't import cuml.neighbors.KNeighborsRegressor
2022-05-27 15:07:33,804:WARNING:Couldn't import cuml.ensemble
2022-05-27 15:07:33,806:WARNING:Couldn't import xgboost.XGBRegressor
2022-05-27 15:07:33,949:WARNING:Couldn't import catboost.CatBoostRegressor
2022-05-27 15:07:33,951:WARNING:Couldn't import cuml.linear_model.LinearRegression
2022-05-27 15:07:33,952:WARNING:Couldn't import cuml.linear_model.Lasso
2022-05-27 15:07:33,958:WARNING:Couldn't import cuml.linear_model.Ridge
2022-05-27 15:07:33,964:WARNING:Couldn't import cuml.linear_model.ElasticNet
2022-05-27 15:07:34,025:WARNING:Couldn't import cuml.svm.SVR
2022-05-27 15:07:34,075:WARNING:Couldn't import cuml.neighbors.KNeighborsRegressor
2022-05-27 15:07:34,077:WARNING:Couldn't import cuml.ensemble
2022-05-27 15:07:34,078:WARNING:Couldn't import xgboost.XGBRegressor
2022-05-27 15:07:34,258:WARNING:Couldn't import catboost.CatBoostRegressor
2022-05-27 15:07:34,258:INFO:Creating grid variables
2022-05-27 15:07:34,262:INFO:create_model_container: 0
2022-05-27 15:07:34,262:INFO:master_model_container: 0
2022-05-27 15:07:34,262:INFO:display_container: 1
2022-05-27 15:07:34,263:INFO:Pipeline(memory=None,
         steps=[('dtypes',
                 DataTypes_Auto_infer(categorical_features=[],
                                      display_types=False, features_todrop=[],
                                      id_columns=[], ml_usecase='regression',
                                      numerical_features=[], target='hue',
                                      time_features=[]))],
         verbose=False)
2022-05-27 15:07:34,264:INFO:setup() succesfully completed......................................
2022-05-27 15:07:34,341:INFO:Initializing compare_models()
2022-05-27 15:07:34,341:INFO:compare_models(include=['dt'], fold=None, round=4, cross_validation=True, sort=R2, n_select=1, budget_time=None, turbo=True, errors=ignore, fit_kwargs=None, groups=None, experiment_custom_tags=None, probability_threshold=None, verbose=True, display=None, exclude=None)
2022-05-27 15:07:34,341:INFO:Checking exceptions
2022-05-27 15:07:34,341:INFO:Preparing display monitor
2022-05-27 15:07:34,341:INFO:Preparing display monitor
2022-05-27 15:07:34,356:INFO:Initializing Decision Tree Regressor
2022-05-27 15:07:34,357:INFO:Total runtime is 1.6657511393229165e-05 minutes
2022-05-27 15:07:34,364:INFO:SubProcess create_model() called ==================================
2022-05-27 15:07:34,364:INFO:Initializing create_model()
2022-05-27 15:07:34,364:INFO:create_model(estimator=dt, fold=KFold(n_splits=10, random_state=None, shuffle=False), round=4, cross_validation=True, predict=True, fit_kwargs={}, groups=None, refit=False, verbose=False, system=False, metrics=None, experiment_custom_tags=None, add_to_model_list=True, probability_threshold=None, display=<pycaret.internal.Display.Display object at 0x0000013CA4E5E580>, return_train_score=False, kwargs={})
2022-05-27 15:07:34,364:INFO:Checking exceptions
2022-05-27 15:07:34,364:INFO:Importing libraries
2022-05-27 15:07:34,365:INFO:Copying training dataset
2022-05-27 15:07:34,365:INFO:Defining folds
2022-05-27 15:07:34,365:INFO:Declaring metric variables
2022-05-27 15:07:34,370:INFO:Importing untrained model
2022-05-27 15:07:34,378:INFO:Decision Tree Regressor Imported succesfully
2022-05-27 15:07:34,388:INFO:Starting cross validation
2022-05-27 15:07:34,388:INFO:Cross validating with KFold(n_splits=10, random_state=None, shuffle=False), n_jobs=1
2022-05-27 15:07:34,459:INFO:Calculating mean and std
2022-05-27 15:07:34,460:INFO:Creating metrics dataframe
2022-05-27 15:07:34,464:INFO:Uploading results into container
2022-05-27 15:07:34,464:INFO:Uploading model into container now
2022-05-27 15:07:34,464:INFO:create_model_container: 1
2022-05-27 15:07:34,464:INFO:master_model_container: 1
2022-05-27 15:07:34,464:INFO:display_container: 2
2022-05-27 15:07:34,465:INFO:DecisionTreeRegressor(ccp_alpha=0.0, criterion='mse', max_depth=None,
                      max_features=None, max_leaf_nodes=None,
                      min_impurity_decrease=0.0, min_impurity_split=None,
                      min_samples_leaf=1, min_samples_split=2,
                      min_weight_fraction_leaf=0.0, presort='deprecated',
                      random_state=42, splitter='best')
2022-05-27 15:07:34,465:INFO:create_model() succesfully completed......................................
2022-05-27 15:07:34,540:INFO:SubProcess create_model() end ==================================
2022-05-27 15:07:34,541:INFO:Creating metrics dataframe
2022-05-27 15:07:34,560:INFO:Initializing create_model()
2022-05-27 15:07:34,560:INFO:create_model(estimator=DecisionTreeRegressor(ccp_alpha=0.0, criterion='mse', max_depth=None,
                      max_features=None, max_leaf_nodes=None,
                      min_impurity_decrease=0.0, min_impurity_split=None,
                      min_samples_leaf=1, min_samples_split=2,
                      min_weight_fraction_leaf=0.0, presort='deprecated',
                      random_state=42, splitter='best'), fold=KFold(n_splits=10, random_state=None, shuffle=False), round=4, cross_validation=False, predict=False, fit_kwargs={}, groups=None, refit=True, verbose=False, system=False, metrics=None, experiment_custom_tags=None, add_to_model_list=True, probability_threshold=None, display=None, return_train_score=False, kwargs={})
2022-05-27 15:07:34,560:INFO:Checking exceptions
2022-05-27 15:07:34,560:INFO:Importing libraries
2022-05-27 15:07:34,560:INFO:Copying training dataset
2022-05-27 15:07:34,560:INFO:Defining folds
2022-05-27 15:07:34,560:INFO:Declaring metric variables
2022-05-27 15:07:34,560:INFO:Importing untrained model
2022-05-27 15:07:34,561:INFO:Declaring custom model
2022-05-27 15:07:34,561:INFO:Decision Tree Regressor Imported succesfully
2022-05-27 15:07:34,562:INFO:Cross validation set to False
2022-05-27 15:07:34,562:INFO:Fitting Model
2022-05-27 15:07:34,565:INFO:DecisionTreeRegressor(ccp_alpha=0.0, criterion='mse', max_depth=None,
                      max_features=None, max_leaf_nodes=None,
                      min_impurity_decrease=0.0, min_impurity_split=None,
                      min_samples_leaf=1, min_samples_split=2,
                      min_weight_fraction_leaf=0.0, presort='deprecated',
                      random_state=42, splitter='best')
2022-05-27 15:07:34,565:INFO:create_models() succesfully completed......................................
2022-05-27 15:07:34,644:INFO:create_model_container: 1
2022-05-27 15:07:34,644:INFO:master_model_container: 1
2022-05-27 15:07:34,644:INFO:display_container: 2
2022-05-27 15:07:34,645:INFO:DecisionTreeRegressor(ccp_alpha=0.0, criterion='mse', max_depth=None,
                      max_features=None, max_leaf_nodes=None,
                      min_impurity_decrease=0.0, min_impurity_split=None,
                      min_samples_leaf=1, min_samples_split=2,
                      min_weight_fraction_leaf=0.0, presort='deprecated',
                      random_state=42, splitter='best')
2022-05-27 15:07:34,645:INFO:compare_models() succesfully completed......................................
2022-05-27 15:11:04,664:INFO:PyCaret Supervised Module
2022-05-27 15:11:04,665:INFO:ML Usecase: regression
2022-05-27 15:11:04,665:INFO:version 2.3.9
2022-05-27 15:11:04,665:INFO:Initializing setup()
2022-05-27 15:11:04,666:INFO:setup(target=hue, ml_usecase=regression, available_plots={'parameter': 'Hyperparameters', 'residuals': 'Residuals', 'error': 'Prediction Error', 'cooks': 'Cooks Distance', 'rfe': 'Feature Selection', 'learning': 'Learning Curve', 'manifold': 'Manifold Learning', 'vc': 'Validation Curve', 'feature': 'Feature Importance', 'feature_all': 'Feature Importance (All)', 'tree': 'Decision Tree', 'residuals_interactive': 'Interactive Residuals'}, train_size=0.7, test_data=None, preprocess=False, imputation_type=simple, iterative_imputation_iters=5, categorical_features=None, categorical_imputation=constant, categorical_iterative_imputer=lightgbm, ordinal_features=None, high_cardinality_features=None, high_cardinality_method=frequency, numeric_features=None, numeric_imputation=mean, numeric_iterative_imputer=lightgbm, date_features=None, ignore_features=None, normalize=False, normalize_method=zscore, transformation=False, transformation_method=yeo-johnson, handle_unknown_categorical=True, unknown_categorical_method=least_frequent, pca=False, pca_method=linear, pca_components=None, ignore_low_variance=False, combine_rare_levels=False, rare_level_threshold=0.1, bin_numeric_features=None, remove_outliers=False, outliers_threshold=0.05, remove_multicollinearity=False, multicollinearity_threshold=0.9, remove_perfect_collinearity=True, create_clusters=False, cluster_iter=20, polynomial_features=False, polynomial_degree=2, trigonometry_features=False, polynomial_threshold=0.1, group_features=None, group_names=None, feature_selection=False, feature_selection_threshold=0.8, feature_selection_method=classic, feature_interaction=False, feature_ratio=False, interaction_threshold=0.01, fix_imbalance=False, fix_imbalance_method=None, transform_target=False, transform_target_method=box-cox, data_split_shuffle=True, data_split_stratify=False, fold_strategy=kfold, fold=10, fold_shuffle=False, fold_groups=None, n_jobs=-1, use_gpu=True, custom_pipeline=None, html=True, session_id=42, log_experiment=False, experiment_name=None, experiment_custom_tags=None, log_plots=False, log_profile=False, log_data=False, silent=True, verbose=True, profile=False, profile_kwargs=None, display=None)
2022-05-27 15:11:04,666:INFO:Checking environment
2022-05-27 15:11:04,666:INFO:python_version: 3.8.11
2022-05-27 15:11:04,666:INFO:python_build: ('default', 'Aug  3 2021 06:49:12')
2022-05-27 15:11:04,666:INFO:machine: AMD64
2022-05-27 15:11:04,684:INFO:platform: Windows-10-10.0.19044-SP0
2022-05-27 15:11:04,686:WARNING:cannot find psutil installation. memory not traceable. Install psutil using pip to enable memory logging.
2022-05-27 15:11:04,686:INFO:Checking libraries
2022-05-27 15:11:04,686:INFO:pd==1.3.2
2022-05-27 15:11:04,686:INFO:numpy==1.19.5
2022-05-27 15:11:04,687:INFO:sklearn==0.23.2
2022-05-27 15:11:04,687:INFO:lightgbm==3.3.2
2022-05-27 15:11:04,688:WARNING:catboost not found
2022-05-27 15:11:04,689:WARNING:xgboost not found
2022-05-27 15:11:04,690:INFO:mlflow==1.24.0
2022-05-27 15:11:04,690:INFO:Checking Exceptions
2022-05-27 15:11:04,690:INFO:Declaring global variables
2022-05-27 15:11:04,690:INFO:USI: bccc
2022-05-27 15:11:04,690:INFO:pycaret_globals: {'gpu_param', 'transform_target_method_param', 'X_train', 'display_container', 'seed', 'stratify_param', 'iterative_imputation_iters_param', 'fix_imbalance_param', 'experiment__', 'target_param', '_internal_pipeline', 'imputation_classifier', 'X', 'fold_groups_param', 'master_model_container', '_ml_usecase', 'transform_target_param', 'prep_pipe', 'fold_generator', 'y_test', 'pycaret_globals', 'X_test', 'exp_name_log', '_all_models_internal', '_all_models', '_all_metrics', 'fold_shuffle_param', 'n_jobs_param', 'fix_imbalance_method_param', 'fold_groups_param_full', 'html_param', '_available_plots', 'imputation_regressor', 'y_train', 'fold_param', 'create_model_container', 'log_plots_param', 'logging_param', 'USI', 'y', 'data_before_preprocess', 'dashboard_logger', '_gpu_n_jobs_param'}
2022-05-27 15:11:04,690:INFO:Preparing display monitor
2022-05-27 15:11:04,690:INFO:Preparing display monitor
2022-05-27 15:11:04,699:INFO:Importing libraries
2022-05-27 15:11:04,699:INFO:Copying data for preprocessing
2022-05-27 15:11:04,703:INFO:Declaring preprocessing parameters
2022-05-27 15:11:04,705:WARNING:cuML not found
2022-05-27 15:11:04,705:WARNING:cuML is outdated or not found. Required version is >=0.15, got 3.3.2
2022-05-27 15:11:04,706:INFO:Creating preprocessing pipeline
2022-05-27 15:11:04,710:INFO:Preprocessing pipeline created successfully
2022-05-27 15:11:04,710:ERROR:(Process Exit): setup has been interupted with user command 'quit'. setup must rerun.
2022-05-27 15:11:04,711:INFO:Creating global containers
2022-05-27 15:11:04,712:INFO:Internal pipeline: Pipeline(memory=None, steps=[('empty_step', 'passthrough')], verbose=False)
2022-05-27 15:11:04,778:WARNING:Couldn't import cuml.linear_model.LinearRegression
2022-05-27 15:11:04,780:WARNING:Couldn't import cuml.linear_model.Lasso
2022-05-27 15:11:04,787:WARNING:Couldn't import cuml.linear_model.Ridge
2022-05-27 15:11:04,793:WARNING:Couldn't import cuml.linear_model.ElasticNet
2022-05-27 15:11:04,855:WARNING:Couldn't import cuml.svm.SVR
2022-05-27 15:11:04,905:WARNING:Couldn't import cuml.neighbors.KNeighborsRegressor
2022-05-27 15:11:04,907:WARNING:Couldn't import cuml.ensemble
2022-05-27 15:11:04,909:WARNING:Couldn't import xgboost.XGBRegressor
2022-05-27 15:11:05,194:WARNING:Couldn't import catboost.CatBoostRegressor
2022-05-27 15:11:05,196:WARNING:Couldn't import cuml.linear_model.LinearRegression
2022-05-27 15:11:05,197:WARNING:Couldn't import cuml.linear_model.Lasso
2022-05-27 15:11:05,204:WARNING:Couldn't import cuml.linear_model.Ridge
2022-05-27 15:11:05,211:WARNING:Couldn't import cuml.linear_model.ElasticNet
2022-05-27 15:11:05,272:WARNING:Couldn't import cuml.svm.SVR
2022-05-27 15:11:05,323:WARNING:Couldn't import cuml.neighbors.KNeighborsRegressor
2022-05-27 15:11:05,326:WARNING:Couldn't import cuml.ensemble
2022-05-27 15:11:05,328:WARNING:Couldn't import xgboost.XGBRegressor
2022-05-27 15:11:05,521:WARNING:Couldn't import catboost.CatBoostRegressor
2022-05-27 15:11:05,521:INFO:Creating grid variables
2022-05-27 15:11:05,525:INFO:create_model_container: 0
2022-05-27 15:11:05,525:INFO:master_model_container: 0
2022-05-27 15:11:05,525:INFO:display_container: 1
2022-05-27 15:11:05,526:INFO:Pipeline(memory=None,
         steps=[('dtypes',
                 DataTypes_Auto_infer(categorical_features=[],
                                      display_types=False, features_todrop=[],
                                      id_columns=[], ml_usecase='regression',
                                      numerical_features=[], target='hue',
                                      time_features=[]))],
         verbose=False)
2022-05-27 15:11:05,527:INFO:setup() succesfully completed......................................
2022-05-27 15:11:05,604:INFO:Initializing compare_models()
2022-05-27 15:11:05,604:INFO:compare_models(include=['dt'], fold=None, round=4, cross_validation=True, sort=R2, n_select=1, budget_time=None, turbo=True, errors=ignore, fit_kwargs=None, groups=None, experiment_custom_tags=None, probability_threshold=None, verbose=True, display=None, exclude=None)
2022-05-27 15:11:05,604:INFO:Checking exceptions
2022-05-27 15:11:05,604:INFO:Preparing display monitor
2022-05-27 15:11:05,605:INFO:Preparing display monitor
2022-05-27 15:11:05,621:INFO:Initializing Decision Tree Regressor
2022-05-27 15:11:05,621:INFO:Total runtime is 0.0 minutes
2022-05-27 15:11:05,626:INFO:SubProcess create_model() called ==================================
2022-05-27 15:11:05,626:INFO:Initializing create_model()
2022-05-27 15:11:05,626:INFO:create_model(estimator=dt, fold=KFold(n_splits=10, random_state=None, shuffle=False), round=4, cross_validation=True, predict=True, fit_kwargs={}, groups=None, refit=False, verbose=False, system=False, metrics=None, experiment_custom_tags=None, add_to_model_list=True, probability_threshold=None, display=<pycaret.internal.Display.Display object at 0x00000277546F8A30>, return_train_score=False, kwargs={})
2022-05-27 15:11:05,627:INFO:Checking exceptions
2022-05-27 15:11:05,627:INFO:Importing libraries
2022-05-27 15:11:05,627:INFO:Copying training dataset
2022-05-27 15:11:05,627:INFO:Defining folds
2022-05-27 15:11:05,627:INFO:Declaring metric variables
2022-05-27 15:11:05,634:INFO:Importing untrained model
2022-05-27 15:11:05,639:INFO:Decision Tree Regressor Imported succesfully
2022-05-27 15:11:05,653:INFO:Starting cross validation
2022-05-27 15:11:05,658:INFO:Cross validating with KFold(n_splits=10, random_state=None, shuffle=False), n_jobs=1
2022-05-27 15:11:05,695:INFO:Calculating mean and std
2022-05-27 15:11:05,695:INFO:Creating metrics dataframe
2022-05-27 15:11:05,700:INFO:Uploading results into container
2022-05-27 15:11:05,700:INFO:Uploading model into container now
2022-05-27 15:11:05,700:INFO:create_model_container: 1
2022-05-27 15:11:05,700:INFO:master_model_container: 1
2022-05-27 15:11:05,700:INFO:display_container: 2
2022-05-27 15:11:05,701:INFO:DecisionTreeRegressor(ccp_alpha=0.0, criterion='mse', max_depth=None,
                      max_features=None, max_leaf_nodes=None,
                      min_impurity_decrease=0.0, min_impurity_split=None,
                      min_samples_leaf=1, min_samples_split=2,
                      min_weight_fraction_leaf=0.0, presort='deprecated',
                      random_state=42, splitter='best')
2022-05-27 15:11:05,701:INFO:create_model() succesfully completed......................................
2022-05-27 15:11:05,774:WARNING:create_model() for DecisionTreeRegressor(ccp_alpha=0.0, criterion='mse', max_depth=None,
                      max_features=None, max_leaf_nodes=None,
                      min_impurity_decrease=0.0, min_impurity_split=None,
                      min_samples_leaf=1, min_samples_split=2,
                      min_weight_fraction_leaf=0.0, presort='deprecated',
                      random_state=42, splitter='best') raised an exception or returned all 0.0, trying without fit_kwargs:
2022-05-27 15:11:05,777:WARNING:Traceback (most recent call last):
  File "C:\Users\gumdu\anaconda3\envs\report\lib\site-packages\pycaret\internal\tabular.py", line 2205, in compare_models
    assert np.sum(model_results.iloc[0]) != 0.0
AssertionError

2022-05-27 15:11:05,777:INFO:Initializing create_model()
2022-05-27 15:11:05,778:INFO:create_model(estimator=dt, fold=KFold(n_splits=10, random_state=None, shuffle=False), round=4, cross_validation=True, predict=True, fit_kwargs={}, groups=None, refit=False, verbose=False, system=False, metrics=None, experiment_custom_tags=None, add_to_model_list=True, probability_threshold=None, display=<pycaret.internal.Display.Display object at 0x00000277546F8A30>, return_train_score=False, kwargs={})
2022-05-27 15:11:05,778:INFO:Checking exceptions
2022-05-27 15:11:05,778:INFO:Importing libraries
2022-05-27 15:11:05,778:INFO:Copying training dataset
2022-05-27 15:11:05,778:INFO:Defining folds
2022-05-27 15:11:05,778:INFO:Declaring metric variables
2022-05-27 15:11:05,785:INFO:Importing untrained model
2022-05-27 15:11:05,790:INFO:Decision Tree Regressor Imported succesfully
2022-05-27 15:11:05,801:INFO:Starting cross validation
2022-05-27 15:11:05,801:INFO:Cross validating with KFold(n_splits=10, random_state=None, shuffle=False), n_jobs=1
2022-05-27 15:11:05,834:INFO:Calculating mean and std
2022-05-27 15:11:05,835:INFO:Creating metrics dataframe
2022-05-27 15:11:05,839:INFO:Uploading results into container
2022-05-27 15:11:05,839:INFO:Uploading model into container now
2022-05-27 15:11:05,839:INFO:create_model_container: 2
2022-05-27 15:11:05,839:INFO:master_model_container: 2
2022-05-27 15:11:05,839:INFO:display_container: 2
2022-05-27 15:11:05,840:INFO:DecisionTreeRegressor(ccp_alpha=0.0, criterion='mse', max_depth=None,
                      max_features=None, max_leaf_nodes=None,
                      min_impurity_decrease=0.0, min_impurity_split=None,
                      min_samples_leaf=1, min_samples_split=2,
                      min_weight_fraction_leaf=0.0, presort='deprecated',
                      random_state=42, splitter='best')
2022-05-27 15:11:05,840:INFO:create_model() succesfully completed......................................
2022-05-27 15:11:05,912:ERROR:create_model() for DecisionTreeRegressor(ccp_alpha=0.0, criterion='mse', max_depth=None,
                      max_features=None, max_leaf_nodes=None,
                      min_impurity_decrease=0.0, min_impurity_split=None,
                      min_samples_leaf=1, min_samples_split=2,
                      min_weight_fraction_leaf=0.0, presort='deprecated',
                      random_state=42, splitter='best') raised an exception or returned all 0.0:
2022-05-27 15:11:05,913:ERROR:Traceback (most recent call last):
  File "C:\Users\gumdu\anaconda3\envs\report\lib\site-packages\pycaret\internal\tabular.py", line 2205, in compare_models
    assert np.sum(model_results.iloc[0]) != 0.0
AssertionError

During handling of the above exception, another exception occurred:

Traceback (most recent call last):
  File "C:\Users\gumdu\anaconda3\envs\report\lib\site-packages\pycaret\internal\tabular.py", line 2214, in compare_models
    assert np.sum(model_results.iloc[0]) != 0.0
AssertionError

2022-05-27 15:11:05,920:INFO:create_model_container: 2
2022-05-27 15:11:05,920:INFO:master_model_container: 2
2022-05-27 15:11:05,920:INFO:display_container: 2
2022-05-27 15:11:05,920:INFO:[]
2022-05-27 15:11:05,920:INFO:compare_models() succesfully completed......................................
2022-05-27 15:11:05,927:INFO:PyCaret Supervised Module
2022-05-27 15:11:05,927:INFO:ML Usecase: regression
2022-05-27 15:11:05,927:INFO:version 2.3.9
2022-05-27 15:11:05,928:INFO:Initializing setup()
2022-05-27 15:11:05,928:INFO:setup(target=hue, ml_usecase=regression, available_plots={'parameter': 'Hyperparameters', 'residuals': 'Residuals', 'error': 'Prediction Error', 'cooks': 'Cooks Distance', 'rfe': 'Feature Selection', 'learning': 'Learning Curve', 'manifold': 'Manifold Learning', 'vc': 'Validation Curve', 'feature': 'Feature Importance', 'feature_all': 'Feature Importance (All)', 'tree': 'Decision Tree', 'residuals_interactive': 'Interactive Residuals'}, train_size=0.7, test_data=None, preprocess=False, imputation_type=simple, iterative_imputation_iters=5, categorical_features=None, categorical_imputation=constant, categorical_iterative_imputer=lightgbm, ordinal_features=None, high_cardinality_features=None, high_cardinality_method=frequency, numeric_features=None, numeric_imputation=mean, numeric_iterative_imputer=lightgbm, date_features=None, ignore_features=None, normalize=False, normalize_method=zscore, transformation=False, transformation_method=yeo-johnson, handle_unknown_categorical=True, unknown_categorical_method=least_frequent, pca=False, pca_method=linear, pca_components=None, ignore_low_variance=False, combine_rare_levels=False, rare_level_threshold=0.1, bin_numeric_features=None, remove_outliers=False, outliers_threshold=0.05, remove_multicollinearity=False, multicollinearity_threshold=0.9, remove_perfect_collinearity=True, create_clusters=False, cluster_iter=20, polynomial_features=False, polynomial_degree=2, trigonometry_features=False, polynomial_threshold=0.1, group_features=None, group_names=None, feature_selection=False, feature_selection_threshold=0.8, feature_selection_method=classic, feature_interaction=False, feature_ratio=False, interaction_threshold=0.01, fix_imbalance=False, fix_imbalance_method=None, transform_target=False, transform_target_method=box-cox, data_split_shuffle=True, data_split_stratify=False, fold_strategy=kfold, fold=10, fold_shuffle=False, fold_groups=None, n_jobs=-1, use_gpu=True, custom_pipeline=None, html=True, session_id=42, log_experiment=False, experiment_name=None, experiment_custom_tags=None, log_plots=False, log_profile=False, log_data=False, silent=True, verbose=True, profile=False, profile_kwargs=None, display=None)
2022-05-27 15:11:05,928:INFO:Checking environment
2022-05-27 15:11:05,928:INFO:python_version: 3.8.11
2022-05-27 15:11:05,928:INFO:python_build: ('default', 'Aug  3 2021 06:49:12')
2022-05-27 15:11:05,928:INFO:machine: AMD64
2022-05-27 15:11:05,928:INFO:platform: Windows-10-10.0.19044-SP0
2022-05-27 15:11:05,929:WARNING:cannot find psutil installation. memory not traceable. Install psutil using pip to enable memory logging.
2022-05-27 15:11:05,929:INFO:Checking libraries
2022-05-27 15:11:05,929:INFO:pd==1.3.2
2022-05-27 15:11:05,930:INFO:numpy==1.19.5
2022-05-27 15:11:05,930:INFO:sklearn==0.23.2
2022-05-27 15:11:05,930:INFO:lightgbm==3.3.2
2022-05-27 15:11:05,931:WARNING:catboost not found
2022-05-27 15:11:05,932:WARNING:xgboost not found
2022-05-27 15:11:05,932:INFO:mlflow==1.24.0
2022-05-27 15:11:05,932:INFO:Checking Exceptions
2022-05-27 15:11:05,932:INFO:Declaring global variables
2022-05-27 15:11:05,932:INFO:USI: 814b
2022-05-27 15:11:05,932:INFO:pycaret_globals: {'gpu_param', 'transform_target_method_param', 'X_train', 'display_container', 'seed', 'stratify_param', 'iterative_imputation_iters_param', 'fix_imbalance_param', 'experiment__', 'target_param', '_internal_pipeline', 'imputation_classifier', 'X', 'fold_groups_param', 'master_model_container', '_ml_usecase', 'transform_target_param', 'prep_pipe', 'fold_generator', 'y_test', 'pycaret_globals', 'X_test', 'exp_name_log', '_all_models_internal', '_all_models', '_all_metrics', 'fold_shuffle_param', 'n_jobs_param', 'fix_imbalance_method_param', 'fold_groups_param_full', 'html_param', '_available_plots', 'imputation_regressor', 'y_train', 'fold_param', 'create_model_container', 'log_plots_param', 'logging_param', 'USI', 'y', 'data_before_preprocess', 'dashboard_logger', '_gpu_n_jobs_param'}
2022-05-27 15:11:05,932:INFO:Preparing display monitor
2022-05-27 15:11:05,933:INFO:Preparing display monitor
2022-05-27 15:11:05,940:INFO:Importing libraries
2022-05-27 15:11:05,940:INFO:Copying data for preprocessing
2022-05-27 15:11:05,945:INFO:Declaring preprocessing parameters
2022-05-27 15:11:05,946:WARNING:cuML not found
2022-05-27 15:11:05,946:WARNING:cuML is outdated or not found. Required version is >=0.15, got 3.3.2
2022-05-27 15:11:05,947:INFO:Creating preprocessing pipeline
2022-05-27 15:11:05,953:INFO:Preprocessing pipeline created successfully
2022-05-27 15:11:05,953:ERROR:(Process Exit): setup has been interupted with user command 'quit'. setup must rerun.
2022-05-27 15:11:05,953:INFO:Creating global containers
2022-05-27 15:11:05,954:INFO:Internal pipeline: Pipeline(memory=None, steps=[('empty_step', 'passthrough')], verbose=False)
2022-05-27 15:11:06,013:WARNING:Couldn't import cuml.linear_model.LinearRegression
2022-05-27 15:11:06,014:WARNING:Couldn't import cuml.linear_model.Lasso
2022-05-27 15:11:06,020:WARNING:Couldn't import cuml.linear_model.Ridge
2022-05-27 15:11:06,026:WARNING:Couldn't import cuml.linear_model.ElasticNet
2022-05-27 15:11:06,087:WARNING:Couldn't import cuml.svm.SVR
2022-05-27 15:11:06,137:WARNING:Couldn't import cuml.neighbors.KNeighborsRegressor
2022-05-27 15:11:06,138:WARNING:Couldn't import cuml.ensemble
2022-05-27 15:11:06,140:WARNING:Couldn't import xgboost.XGBRegressor
2022-05-27 15:11:06,289:WARNING:Couldn't import catboost.CatBoostRegressor
2022-05-27 15:11:06,291:WARNING:Couldn't import cuml.linear_model.LinearRegression
2022-05-27 15:11:06,292:WARNING:Couldn't import cuml.linear_model.Lasso
2022-05-27 15:11:06,298:WARNING:Couldn't import cuml.linear_model.Ridge
2022-05-27 15:11:06,304:WARNING:Couldn't import cuml.linear_model.ElasticNet
2022-05-27 15:11:06,366:WARNING:Couldn't import cuml.svm.SVR
2022-05-27 15:11:06,419:WARNING:Couldn't import cuml.neighbors.KNeighborsRegressor
2022-05-27 15:11:06,420:WARNING:Couldn't import cuml.ensemble
2022-05-27 15:11:06,422:WARNING:Couldn't import xgboost.XGBRegressor
2022-05-27 15:11:06,576:WARNING:Couldn't import catboost.CatBoostRegressor
2022-05-27 15:11:06,576:INFO:Creating grid variables
2022-05-27 15:11:06,580:INFO:create_model_container: 0
2022-05-27 15:11:06,580:INFO:master_model_container: 0
2022-05-27 15:11:06,580:INFO:display_container: 1
2022-05-27 15:11:06,582:INFO:Pipeline(memory=None,
         steps=[('dtypes',
                 DataTypes_Auto_infer(categorical_features=[],
                                      display_types=False, features_todrop=[],
                                      id_columns=[], ml_usecase='regression',
                                      numerical_features=[], target='hue',
                                      time_features=[]))],
         verbose=False)
2022-05-27 15:11:06,582:INFO:setup() succesfully completed......................................
2022-05-27 15:11:06,657:INFO:Initializing compare_models()
2022-05-27 15:11:06,657:INFO:compare_models(include=['dt'], fold=None, round=4, cross_validation=True, sort=R2, n_select=1, budget_time=None, turbo=True, errors=ignore, fit_kwargs=None, groups=None, experiment_custom_tags=None, probability_threshold=None, verbose=True, display=None, exclude=None)
2022-05-27 15:11:06,657:INFO:Checking exceptions
2022-05-27 15:11:06,657:INFO:Preparing display monitor
2022-05-27 15:11:06,657:INFO:Preparing display monitor
2022-05-27 15:11:06,673:INFO:Initializing Decision Tree Regressor
2022-05-27 15:11:06,673:INFO:Total runtime is 0.0 minutes
2022-05-27 15:11:06,678:INFO:SubProcess create_model() called ==================================
2022-05-27 15:11:06,678:INFO:Initializing create_model()
2022-05-27 15:11:06,678:INFO:create_model(estimator=dt, fold=KFold(n_splits=10, random_state=None, shuffle=False), round=4, cross_validation=True, predict=True, fit_kwargs={}, groups=None, refit=False, verbose=False, system=False, metrics=None, experiment_custom_tags=None, add_to_model_list=True, probability_threshold=None, display=<pycaret.internal.Display.Display object at 0x000002775472F940>, return_train_score=False, kwargs={})
2022-05-27 15:11:06,678:INFO:Checking exceptions
2022-05-27 15:11:06,678:INFO:Importing libraries
2022-05-27 15:11:06,678:INFO:Copying training dataset
2022-05-27 15:11:06,679:INFO:Defining folds
2022-05-27 15:11:06,679:INFO:Declaring metric variables
2022-05-27 15:11:06,686:INFO:Importing untrained model
2022-05-27 15:11:06,692:INFO:Decision Tree Regressor Imported succesfully
2022-05-27 15:11:06,707:INFO:Starting cross validation
2022-05-27 15:11:06,707:INFO:Cross validating with KFold(n_splits=10, random_state=None, shuffle=False), n_jobs=1
2022-05-27 15:11:06,777:INFO:Calculating mean and std
2022-05-27 15:11:06,777:INFO:Creating metrics dataframe
2022-05-27 15:11:06,782:INFO:Uploading results into container
2022-05-27 15:11:06,782:INFO:Uploading model into container now
2022-05-27 15:11:06,782:INFO:create_model_container: 1
2022-05-27 15:11:06,782:INFO:master_model_container: 1
2022-05-27 15:11:06,782:INFO:display_container: 2
2022-05-27 15:11:06,782:INFO:DecisionTreeRegressor(ccp_alpha=0.0, criterion='mse', max_depth=None,
                      max_features=None, max_leaf_nodes=None,
                      min_impurity_decrease=0.0, min_impurity_split=None,
                      min_samples_leaf=1, min_samples_split=2,
                      min_weight_fraction_leaf=0.0, presort='deprecated',
                      random_state=42, splitter='best')
2022-05-27 15:11:06,782:INFO:create_model() succesfully completed......................................
2022-05-27 15:11:06,857:INFO:SubProcess create_model() end ==================================
2022-05-27 15:11:06,857:INFO:Creating metrics dataframe
2022-05-27 15:11:06,874:INFO:Initializing create_model()
2022-05-27 15:11:06,875:INFO:create_model(estimator=DecisionTreeRegressor(ccp_alpha=0.0, criterion='mse', max_depth=None,
                      max_features=None, max_leaf_nodes=None,
                      min_impurity_decrease=0.0, min_impurity_split=None,
                      min_samples_leaf=1, min_samples_split=2,
                      min_weight_fraction_leaf=0.0, presort='deprecated',
                      random_state=42, splitter='best'), fold=KFold(n_splits=10, random_state=None, shuffle=False), round=4, cross_validation=False, predict=False, fit_kwargs={}, groups=None, refit=True, verbose=False, system=False, metrics=None, experiment_custom_tags=None, add_to_model_list=True, probability_threshold=None, display=None, return_train_score=False, kwargs={})
2022-05-27 15:11:06,875:INFO:Checking exceptions
2022-05-27 15:11:06,875:INFO:Importing libraries
2022-05-27 15:11:06,875:INFO:Copying training dataset
2022-05-27 15:11:06,875:INFO:Defining folds
2022-05-27 15:11:06,875:INFO:Declaring metric variables
2022-05-27 15:11:06,875:INFO:Importing untrained model
2022-05-27 15:11:06,875:INFO:Declaring custom model
2022-05-27 15:11:06,876:INFO:Decision Tree Regressor Imported succesfully
2022-05-27 15:11:06,876:INFO:Cross validation set to False
2022-05-27 15:11:06,876:INFO:Fitting Model
2022-05-27 15:11:06,880:INFO:DecisionTreeRegressor(ccp_alpha=0.0, criterion='mse', max_depth=None,
                      max_features=None, max_leaf_nodes=None,
                      min_impurity_decrease=0.0, min_impurity_split=None,
                      min_samples_leaf=1, min_samples_split=2,
                      min_weight_fraction_leaf=0.0, presort='deprecated',
                      random_state=42, splitter='best')
2022-05-27 15:11:06,880:INFO:create_models() succesfully completed......................................
2022-05-27 15:11:06,957:INFO:create_model_container: 1
2022-05-27 15:11:06,957:INFO:master_model_container: 1
2022-05-27 15:11:06,957:INFO:display_container: 2
2022-05-27 15:11:06,958:INFO:DecisionTreeRegressor(ccp_alpha=0.0, criterion='mse', max_depth=None,
                      max_features=None, max_leaf_nodes=None,
                      min_impurity_decrease=0.0, min_impurity_split=None,
                      min_samples_leaf=1, min_samples_split=2,
                      min_weight_fraction_leaf=0.0, presort='deprecated',
                      random_state=42, splitter='best')
2022-05-27 15:11:06,958:INFO:compare_models() succesfully completed......................................
2022-05-27 15:29:02,611:INFO:PyCaret Supervised Module
2022-05-27 15:29:02,611:INFO:ML Usecase: regression
2022-05-27 15:29:02,611:INFO:version 2.3.9
2022-05-27 15:29:02,612:INFO:Initializing setup()
2022-05-27 15:29:02,612:INFO:setup(target=hue, ml_usecase=regression, available_plots={'parameter': 'Hyperparameters', 'residuals': 'Residuals', 'error': 'Prediction Error', 'cooks': 'Cooks Distance', 'rfe': 'Feature Selection', 'learning': 'Learning Curve', 'manifold': 'Manifold Learning', 'vc': 'Validation Curve', 'feature': 'Feature Importance', 'feature_all': 'Feature Importance (All)', 'tree': 'Decision Tree', 'residuals_interactive': 'Interactive Residuals'}, train_size=0.7, test_data=None, preprocess=False, imputation_type=simple, iterative_imputation_iters=5, categorical_features=None, categorical_imputation=constant, categorical_iterative_imputer=lightgbm, ordinal_features=None, high_cardinality_features=None, high_cardinality_method=frequency, numeric_features=None, numeric_imputation=mean, numeric_iterative_imputer=lightgbm, date_features=None, ignore_features=None, normalize=False, normalize_method=zscore, transformation=False, transformation_method=yeo-johnson, handle_unknown_categorical=True, unknown_categorical_method=least_frequent, pca=False, pca_method=linear, pca_components=None, ignore_low_variance=False, combine_rare_levels=False, rare_level_threshold=0.1, bin_numeric_features=None, remove_outliers=False, outliers_threshold=0.05, remove_multicollinearity=False, multicollinearity_threshold=0.9, remove_perfect_collinearity=True, create_clusters=False, cluster_iter=20, polynomial_features=False, polynomial_degree=2, trigonometry_features=False, polynomial_threshold=0.1, group_features=None, group_names=None, feature_selection=False, feature_selection_threshold=0.8, feature_selection_method=classic, feature_interaction=False, feature_ratio=False, interaction_threshold=0.01, fix_imbalance=False, fix_imbalance_method=None, transform_target=False, transform_target_method=box-cox, data_split_shuffle=True, data_split_stratify=False, fold_strategy=kfold, fold=10, fold_shuffle=False, fold_groups=None, n_jobs=-1, use_gpu=True, custom_pipeline=None, html=True, session_id=42, log_experiment=False, experiment_name=None, experiment_custom_tags=None, log_plots=False, log_profile=False, log_data=False, silent=True, verbose=True, profile=False, profile_kwargs=None, display=None)
2022-05-27 15:29:02,612:INFO:Checking environment
2022-05-27 15:29:02,612:INFO:python_version: 3.8.11
2022-05-27 15:29:02,612:INFO:python_build: ('default', 'Aug  3 2021 06:49:12')
2022-05-27 15:29:02,612:INFO:machine: AMD64
2022-05-27 15:29:02,631:INFO:platform: Windows-10-10.0.19044-SP0
2022-05-27 15:29:02,633:WARNING:cannot find psutil installation. memory not traceable. Install psutil using pip to enable memory logging.
2022-05-27 15:29:02,633:INFO:Checking libraries
2022-05-27 15:29:02,633:INFO:pd==1.3.2
2022-05-27 15:29:02,633:INFO:numpy==1.19.5
2022-05-27 15:29:02,633:INFO:sklearn==0.23.2
2022-05-27 15:29:02,633:INFO:lightgbm==3.3.2
2022-05-27 15:29:02,635:WARNING:catboost not found
2022-05-27 15:29:02,636:WARNING:xgboost not found
2022-05-27 15:29:02,636:INFO:mlflow==1.24.0
2022-05-27 15:29:02,636:INFO:Checking Exceptions
2022-05-27 15:29:02,637:INFO:Declaring global variables
2022-05-27 15:29:02,637:INFO:USI: 77e6
2022-05-27 15:29:02,637:INFO:pycaret_globals: {'fix_imbalance_method_param', 'y', 'USI', '_ml_usecase', 'data_before_preprocess', 'iterative_imputation_iters_param', '_internal_pipeline', 'target_param', 'y_test', 'fix_imbalance_param', 'imputation_regressor', 'X', 'transform_target_param', 'display_container', 'prep_pipe', 'exp_name_log', 'transform_target_method_param', 'gpu_param', 'imputation_classifier', 'fold_shuffle_param', 'fold_generator', 'fold_param', 'fold_groups_param_full', 'pycaret_globals', 'X_test', '_available_plots', 'experiment__', 'html_param', 'create_model_container', 'dashboard_logger', 'y_train', '_all_models', '_all_metrics', 'seed', 'fold_groups_param', 'n_jobs_param', 'logging_param', '_gpu_n_jobs_param', 'X_train', 'stratify_param', 'log_plots_param', 'master_model_container', '_all_models_internal'}
2022-05-27 15:29:02,637:INFO:Preparing display monitor
2022-05-27 15:29:02,637:INFO:Preparing display monitor
2022-05-27 15:29:02,646:INFO:Importing libraries
2022-05-27 15:29:02,646:INFO:Copying data for preprocessing
2022-05-27 15:29:02,650:INFO:Declaring preprocessing parameters
2022-05-27 15:29:02,651:WARNING:cuML not found
2022-05-27 15:29:02,651:WARNING:cuML is outdated or not found. Required version is >=0.15, got 3.3.2
2022-05-27 15:29:02,652:INFO:Creating preprocessing pipeline
2022-05-27 15:29:02,657:INFO:Preprocessing pipeline created successfully
2022-05-27 15:29:02,657:ERROR:(Process Exit): setup has been interupted with user command 'quit'. setup must rerun.
2022-05-27 15:29:02,658:INFO:Creating global containers
2022-05-27 15:29:02,659:INFO:Internal pipeline: Pipeline(memory=None, steps=[('empty_step', 'passthrough')], verbose=False)
2022-05-27 15:29:02,722:WARNING:Couldn't import cuml.linear_model.LinearRegression
2022-05-27 15:29:02,723:WARNING:Couldn't import cuml.linear_model.Lasso
2022-05-27 15:29:02,730:WARNING:Couldn't import cuml.linear_model.Ridge
2022-05-27 15:29:02,737:WARNING:Couldn't import cuml.linear_model.ElasticNet
2022-05-27 15:29:02,799:WARNING:Couldn't import cuml.svm.SVR
2022-05-27 15:29:02,848:WARNING:Couldn't import cuml.neighbors.KNeighborsRegressor
2022-05-27 15:29:02,850:WARNING:Couldn't import cuml.ensemble
2022-05-27 15:29:02,852:WARNING:Couldn't import xgboost.XGBRegressor
2022-05-27 15:29:03,274:WARNING:Couldn't import catboost.CatBoostRegressor
2022-05-27 15:29:03,276:WARNING:Couldn't import cuml.linear_model.LinearRegression
2022-05-27 15:29:03,277:WARNING:Couldn't import cuml.linear_model.Lasso
2022-05-27 15:29:03,283:WARNING:Couldn't import cuml.linear_model.Ridge
2022-05-27 15:29:03,290:WARNING:Couldn't import cuml.linear_model.ElasticNet
2022-05-27 15:29:03,356:WARNING:Couldn't import cuml.svm.SVR
2022-05-27 15:29:03,408:WARNING:Couldn't import cuml.neighbors.KNeighborsRegressor
2022-05-27 15:29:03,409:WARNING:Couldn't import cuml.ensemble
2022-05-27 15:29:03,410:WARNING:Couldn't import xgboost.XGBRegressor
2022-05-27 15:29:03,637:WARNING:Couldn't import catboost.CatBoostRegressor
2022-05-27 15:29:03,637:INFO:Creating grid variables
2022-05-27 15:29:03,639:INFO:create_model_container: 0
2022-05-27 15:29:03,640:INFO:master_model_container: 0
2022-05-27 15:29:03,640:INFO:display_container: 1
2022-05-27 15:29:03,641:INFO:Pipeline(memory=None,
         steps=[('dtypes',
                 DataTypes_Auto_infer(categorical_features=[],
                                      display_types=False, features_todrop=[],
                                      id_columns=[], ml_usecase='regression',
                                      numerical_features=[], target='hue',
                                      time_features=[]))],
         verbose=False)
2022-05-27 15:29:03,641:INFO:setup() succesfully completed......................................
2022-05-27 15:29:03,717:INFO:Initializing compare_models()
2022-05-27 15:29:03,718:INFO:compare_models(include=['dt'], fold=None, round=4, cross_validation=True, sort=R2, n_select=1, budget_time=None, turbo=True, errors=ignore, fit_kwargs=None, groups=None, experiment_custom_tags=None, probability_threshold=None, verbose=True, display=None, exclude=None)
2022-05-27 15:29:03,718:INFO:Checking exceptions
2022-05-27 15:29:03,718:INFO:Preparing display monitor
2022-05-27 15:29:03,718:INFO:Preparing display monitor
2022-05-27 15:29:03,731:INFO:Initializing Decision Tree Regressor
2022-05-27 15:29:03,731:INFO:Total runtime is 0.0 minutes
2022-05-27 15:29:03,735:INFO:SubProcess create_model() called ==================================
2022-05-27 15:29:03,736:INFO:Initializing create_model()
2022-05-27 15:29:03,736:INFO:create_model(estimator=dt, fold=KFold(n_splits=10, random_state=None, shuffle=False), round=4, cross_validation=True, predict=True, fit_kwargs={}, groups=None, refit=False, verbose=False, system=False, metrics=None, experiment_custom_tags=None, add_to_model_list=True, probability_threshold=None, display=<pycaret.internal.Display.Display object at 0x0000021E9173C040>, return_train_score=False, kwargs={})
2022-05-27 15:29:03,736:INFO:Checking exceptions
2022-05-27 15:29:03,736:INFO:Importing libraries
2022-05-27 15:29:03,736:INFO:Copying training dataset
2022-05-27 15:29:03,736:INFO:Defining folds
2022-05-27 15:29:03,736:INFO:Declaring metric variables
2022-05-27 15:29:03,740:INFO:Importing untrained model
2022-05-27 15:29:03,745:INFO:Decision Tree Regressor Imported succesfully
2022-05-27 15:29:03,752:INFO:Starting cross validation
2022-05-27 15:29:03,758:INFO:Cross validating with KFold(n_splits=10, random_state=None, shuffle=False), n_jobs=1
2022-05-27 15:29:03,796:INFO:Calculating mean and std
2022-05-27 15:29:03,796:INFO:Creating metrics dataframe
2022-05-27 15:29:03,800:INFO:Uploading results into container
2022-05-27 15:29:03,801:INFO:Uploading model into container now
2022-05-27 15:29:03,801:INFO:create_model_container: 1
2022-05-27 15:29:03,801:INFO:master_model_container: 1
2022-05-27 15:29:03,801:INFO:display_container: 2
2022-05-27 15:29:03,801:INFO:DecisionTreeRegressor(ccp_alpha=0.0, criterion='mse', max_depth=None,
                      max_features=None, max_leaf_nodes=None,
                      min_impurity_decrease=0.0, min_impurity_split=None,
                      min_samples_leaf=1, min_samples_split=2,
                      min_weight_fraction_leaf=0.0, presort='deprecated',
                      random_state=42, splitter='best')
2022-05-27 15:29:03,801:INFO:create_model() succesfully completed......................................
2022-05-27 15:29:03,879:WARNING:create_model() for DecisionTreeRegressor(ccp_alpha=0.0, criterion='mse', max_depth=None,
                      max_features=None, max_leaf_nodes=None,
                      min_impurity_decrease=0.0, min_impurity_split=None,
                      min_samples_leaf=1, min_samples_split=2,
                      min_weight_fraction_leaf=0.0, presort='deprecated',
                      random_state=42, splitter='best') raised an exception or returned all 0.0, trying without fit_kwargs:
2022-05-27 15:29:03,882:WARNING:Traceback (most recent call last):
  File "C:\Users\gumdu\anaconda3\envs\report\lib\site-packages\pycaret\internal\tabular.py", line 2205, in compare_models
    assert np.sum(model_results.iloc[0]) != 0.0
AssertionError

2022-05-27 15:29:03,883:INFO:Initializing create_model()
2022-05-27 15:29:03,883:INFO:create_model(estimator=dt, fold=KFold(n_splits=10, random_state=None, shuffle=False), round=4, cross_validation=True, predict=True, fit_kwargs={}, groups=None, refit=False, verbose=False, system=False, metrics=None, experiment_custom_tags=None, add_to_model_list=True, probability_threshold=None, display=<pycaret.internal.Display.Display object at 0x0000021E9173C040>, return_train_score=False, kwargs={})
2022-05-27 15:29:03,883:INFO:Checking exceptions
2022-05-27 15:29:03,883:INFO:Importing libraries
2022-05-27 15:29:03,883:INFO:Copying training dataset
2022-05-27 15:29:03,883:INFO:Defining folds
2022-05-27 15:29:03,883:INFO:Declaring metric variables
2022-05-27 15:29:03,887:INFO:Importing untrained model
2022-05-27 15:29:03,892:INFO:Decision Tree Regressor Imported succesfully
2022-05-27 15:29:03,902:INFO:Starting cross validation
2022-05-27 15:29:03,902:INFO:Cross validating with KFold(n_splits=10, random_state=None, shuffle=False), n_jobs=1
2022-05-27 15:29:03,941:INFO:Calculating mean and std
2022-05-27 15:29:03,942:INFO:Creating metrics dataframe
2022-05-27 15:29:03,946:INFO:Uploading results into container
2022-05-27 15:29:03,946:INFO:Uploading model into container now
2022-05-27 15:29:03,946:INFO:create_model_container: 2
2022-05-27 15:29:03,946:INFO:master_model_container: 2
2022-05-27 15:29:03,946:INFO:display_container: 2
2022-05-27 15:29:03,947:INFO:DecisionTreeRegressor(ccp_alpha=0.0, criterion='mse', max_depth=None,
                      max_features=None, max_leaf_nodes=None,
                      min_impurity_decrease=0.0, min_impurity_split=None,
                      min_samples_leaf=1, min_samples_split=2,
                      min_weight_fraction_leaf=0.0, presort='deprecated',
                      random_state=42, splitter='best')
2022-05-27 15:29:03,947:INFO:create_model() succesfully completed......................................
2022-05-27 15:29:04,020:ERROR:create_model() for DecisionTreeRegressor(ccp_alpha=0.0, criterion='mse', max_depth=None,
                      max_features=None, max_leaf_nodes=None,
                      min_impurity_decrease=0.0, min_impurity_split=None,
                      min_samples_leaf=1, min_samples_split=2,
                      min_weight_fraction_leaf=0.0, presort='deprecated',
                      random_state=42, splitter='best') raised an exception or returned all 0.0:
2022-05-27 15:29:04,020:ERROR:Traceback (most recent call last):
  File "C:\Users\gumdu\anaconda3\envs\report\lib\site-packages\pycaret\internal\tabular.py", line 2205, in compare_models
    assert np.sum(model_results.iloc[0]) != 0.0
AssertionError

During handling of the above exception, another exception occurred:

Traceback (most recent call last):
  File "C:\Users\gumdu\anaconda3\envs\report\lib\site-packages\pycaret\internal\tabular.py", line 2214, in compare_models
    assert np.sum(model_results.iloc[0]) != 0.0
AssertionError

2022-05-27 15:29:04,025:INFO:create_model_container: 2
2022-05-27 15:29:04,025:INFO:master_model_container: 2
2022-05-27 15:29:04,025:INFO:display_container: 2
2022-05-27 15:29:04,025:INFO:[]
2022-05-27 15:29:04,026:INFO:compare_models() succesfully completed......................................
2022-05-27 15:29:04,033:INFO:PyCaret Supervised Module
2022-05-27 15:29:04,033:INFO:ML Usecase: regression
2022-05-27 15:29:04,033:INFO:version 2.3.9
2022-05-27 15:29:04,033:INFO:Initializing setup()
2022-05-27 15:29:04,033:INFO:setup(target=hue, ml_usecase=regression, available_plots={'parameter': 'Hyperparameters', 'residuals': 'Residuals', 'error': 'Prediction Error', 'cooks': 'Cooks Distance', 'rfe': 'Feature Selection', 'learning': 'Learning Curve', 'manifold': 'Manifold Learning', 'vc': 'Validation Curve', 'feature': 'Feature Importance', 'feature_all': 'Feature Importance (All)', 'tree': 'Decision Tree', 'residuals_interactive': 'Interactive Residuals'}, train_size=0.7, test_data=None, preprocess=False, imputation_type=simple, iterative_imputation_iters=5, categorical_features=None, categorical_imputation=constant, categorical_iterative_imputer=lightgbm, ordinal_features=None, high_cardinality_features=None, high_cardinality_method=frequency, numeric_features=None, numeric_imputation=mean, numeric_iterative_imputer=lightgbm, date_features=None, ignore_features=None, normalize=False, normalize_method=zscore, transformation=False, transformation_method=yeo-johnson, handle_unknown_categorical=True, unknown_categorical_method=least_frequent, pca=False, pca_method=linear, pca_components=None, ignore_low_variance=False, combine_rare_levels=False, rare_level_threshold=0.1, bin_numeric_features=None, remove_outliers=False, outliers_threshold=0.05, remove_multicollinearity=False, multicollinearity_threshold=0.9, remove_perfect_collinearity=True, create_clusters=False, cluster_iter=20, polynomial_features=False, polynomial_degree=2, trigonometry_features=False, polynomial_threshold=0.1, group_features=None, group_names=None, feature_selection=False, feature_selection_threshold=0.8, feature_selection_method=classic, feature_interaction=False, feature_ratio=False, interaction_threshold=0.01, fix_imbalance=False, fix_imbalance_method=None, transform_target=False, transform_target_method=box-cox, data_split_shuffle=True, data_split_stratify=False, fold_strategy=kfold, fold=10, fold_shuffle=False, fold_groups=None, n_jobs=-1, use_gpu=True, custom_pipeline=None, html=True, session_id=42, log_experiment=False, experiment_name=None, experiment_custom_tags=None, log_plots=False, log_profile=False, log_data=False, silent=True, verbose=True, profile=False, profile_kwargs=None, display=None)
2022-05-27 15:29:04,033:INFO:Checking environment
2022-05-27 15:29:04,033:INFO:python_version: 3.8.11
2022-05-27 15:29:04,033:INFO:python_build: ('default', 'Aug  3 2021 06:49:12')
2022-05-27 15:29:04,033:INFO:machine: AMD64
2022-05-27 15:29:04,033:INFO:platform: Windows-10-10.0.19044-SP0
2022-05-27 15:29:04,034:WARNING:cannot find psutil installation. memory not traceable. Install psutil using pip to enable memory logging.
2022-05-27 15:29:04,034:INFO:Checking libraries
2022-05-27 15:29:04,035:INFO:pd==1.3.2
2022-05-27 15:29:04,035:INFO:numpy==1.19.5
2022-05-27 15:29:04,035:INFO:sklearn==0.23.2
2022-05-27 15:29:04,035:INFO:lightgbm==3.3.2
2022-05-27 15:29:04,036:WARNING:catboost not found
2022-05-27 15:29:04,037:WARNING:xgboost not found
2022-05-27 15:29:04,037:INFO:mlflow==1.24.0
2022-05-27 15:29:04,037:INFO:Checking Exceptions
2022-05-27 15:29:04,037:INFO:Declaring global variables
2022-05-27 15:29:04,037:INFO:USI: e23a
2022-05-27 15:29:04,037:INFO:pycaret_globals: {'fix_imbalance_method_param', 'y', 'USI', '_ml_usecase', 'data_before_preprocess', 'iterative_imputation_iters_param', '_internal_pipeline', 'target_param', 'y_test', 'fix_imbalance_param', 'imputation_regressor', 'X', 'transform_target_param', 'display_container', 'prep_pipe', 'exp_name_log', 'transform_target_method_param', 'gpu_param', 'imputation_classifier', 'fold_shuffle_param', 'fold_generator', 'fold_param', 'fold_groups_param_full', 'pycaret_globals', 'X_test', '_available_plots', 'experiment__', 'html_param', 'create_model_container', 'dashboard_logger', 'y_train', '_all_models', '_all_metrics', 'seed', 'fold_groups_param', 'n_jobs_param', 'logging_param', '_gpu_n_jobs_param', 'X_train', 'stratify_param', 'log_plots_param', 'master_model_container', '_all_models_internal'}
2022-05-27 15:29:04,037:INFO:Preparing display monitor
2022-05-27 15:29:04,037:INFO:Preparing display monitor
2022-05-27 15:29:04,044:INFO:Importing libraries
2022-05-27 15:29:04,044:INFO:Copying data for preprocessing
2022-05-27 15:29:04,048:INFO:Declaring preprocessing parameters
2022-05-27 15:29:04,050:WARNING:cuML not found
2022-05-27 15:29:04,050:WARNING:cuML is outdated or not found. Required version is >=0.15, got 3.3.2
2022-05-27 15:29:04,050:INFO:Creating preprocessing pipeline
2022-05-27 15:29:04,056:INFO:Preprocessing pipeline created successfully
2022-05-27 15:29:04,056:ERROR:(Process Exit): setup has been interupted with user command 'quit'. setup must rerun.
2022-05-27 15:29:04,056:INFO:Creating global containers
2022-05-27 15:29:04,056:INFO:Internal pipeline: Pipeline(memory=None, steps=[('empty_step', 'passthrough')], verbose=False)
2022-05-27 15:29:04,112:WARNING:Couldn't import cuml.linear_model.LinearRegression
2022-05-27 15:29:04,113:WARNING:Couldn't import cuml.linear_model.Lasso
2022-05-27 15:29:04,119:WARNING:Couldn't import cuml.linear_model.Ridge
2022-05-27 15:29:04,125:WARNING:Couldn't import cuml.linear_model.ElasticNet
2022-05-27 15:29:04,188:WARNING:Couldn't import cuml.svm.SVR
2022-05-27 15:29:04,239:WARNING:Couldn't import cuml.neighbors.KNeighborsRegressor
2022-05-27 15:29:04,240:WARNING:Couldn't import cuml.ensemble
2022-05-27 15:29:04,242:WARNING:Couldn't import xgboost.XGBRegressor
2022-05-27 15:29:04,426:WARNING:Couldn't import catboost.CatBoostRegressor
2022-05-27 15:29:04,427:WARNING:Couldn't import cuml.linear_model.LinearRegression
2022-05-27 15:29:04,428:WARNING:Couldn't import cuml.linear_model.Lasso
2022-05-27 15:29:04,434:WARNING:Couldn't import cuml.linear_model.Ridge
2022-05-27 15:29:04,440:WARNING:Couldn't import cuml.linear_model.ElasticNet
2022-05-27 15:29:04,508:WARNING:Couldn't import cuml.svm.SVR
2022-05-27 15:29:04,558:WARNING:Couldn't import cuml.neighbors.KNeighborsRegressor
2022-05-27 15:29:04,560:WARNING:Couldn't import cuml.ensemble
2022-05-27 15:29:04,561:WARNING:Couldn't import xgboost.XGBRegressor
2022-05-27 15:29:04,782:WARNING:Couldn't import catboost.CatBoostRegressor
2022-05-27 15:29:04,782:INFO:Creating grid variables
2022-05-27 15:29:04,785:INFO:create_model_container: 0
2022-05-27 15:29:04,785:INFO:master_model_container: 0
2022-05-27 15:29:04,785:INFO:display_container: 1
2022-05-27 15:29:04,786:INFO:Pipeline(memory=None,
         steps=[('dtypes',
                 DataTypes_Auto_infer(categorical_features=[],
                                      display_types=False, features_todrop=[],
                                      id_columns=[], ml_usecase='regression',
                                      numerical_features=[], target='hue',
                                      time_features=[]))],
         verbose=False)
2022-05-27 15:29:04,786:INFO:setup() succesfully completed......................................
2022-05-27 15:29:04,860:INFO:Initializing compare_models()
2022-05-27 15:29:04,860:INFO:compare_models(include=['dt'], fold=None, round=4, cross_validation=True, sort=R2, n_select=1, budget_time=None, turbo=True, errors=ignore, fit_kwargs=None, groups=None, experiment_custom_tags=None, probability_threshold=None, verbose=True, display=None, exclude=None)
2022-05-27 15:29:04,860:INFO:Checking exceptions
2022-05-27 15:29:04,860:INFO:Preparing display monitor
2022-05-27 15:29:04,860:INFO:Preparing display monitor
2022-05-27 15:29:04,873:INFO:Initializing Decision Tree Regressor
2022-05-27 15:29:04,873:INFO:Total runtime is 0.0 minutes
2022-05-27 15:29:04,877:INFO:SubProcess create_model() called ==================================
2022-05-27 15:29:04,878:INFO:Initializing create_model()
2022-05-27 15:29:04,878:INFO:create_model(estimator=dt, fold=KFold(n_splits=10, random_state=None, shuffle=False), round=4, cross_validation=True, predict=True, fit_kwargs={}, groups=None, refit=False, verbose=False, system=False, metrics=None, experiment_custom_tags=None, add_to_model_list=True, probability_threshold=None, display=<pycaret.internal.Display.Display object at 0x0000021E916EB190>, return_train_score=False, kwargs={})
2022-05-27 15:29:04,878:INFO:Checking exceptions
2022-05-27 15:29:04,878:INFO:Importing libraries
2022-05-27 15:29:04,878:INFO:Copying training dataset
2022-05-27 15:29:04,878:INFO:Defining folds
2022-05-27 15:29:04,878:INFO:Declaring metric variables
2022-05-27 15:29:04,882:INFO:Importing untrained model
2022-05-27 15:29:04,886:INFO:Decision Tree Regressor Imported succesfully
2022-05-27 15:29:04,894:INFO:Starting cross validation
2022-05-27 15:29:04,895:INFO:Cross validating with KFold(n_splits=10, random_state=None, shuffle=False), n_jobs=1
2022-05-27 15:29:04,962:INFO:Calculating mean and std
2022-05-27 15:29:04,963:INFO:Creating metrics dataframe
2022-05-27 15:29:04,967:INFO:Uploading results into container
2022-05-27 15:29:04,967:INFO:Uploading model into container now
2022-05-27 15:29:04,967:INFO:create_model_container: 1
2022-05-27 15:29:04,967:INFO:master_model_container: 1
2022-05-27 15:29:04,967:INFO:display_container: 2
2022-05-27 15:29:04,967:INFO:DecisionTreeRegressor(ccp_alpha=0.0, criterion='mse', max_depth=None,
                      max_features=None, max_leaf_nodes=None,
                      min_impurity_decrease=0.0, min_impurity_split=None,
                      min_samples_leaf=1, min_samples_split=2,
                      min_weight_fraction_leaf=0.0, presort='deprecated',
                      random_state=42, splitter='best')
2022-05-27 15:29:04,967:INFO:create_model() succesfully completed......................................
2022-05-27 15:29:05,042:INFO:SubProcess create_model() end ==================================
2022-05-27 15:29:05,042:INFO:Creating metrics dataframe
2022-05-27 15:29:05,070:INFO:Initializing create_model()
2022-05-27 15:29:05,070:INFO:create_model(estimator=DecisionTreeRegressor(ccp_alpha=0.0, criterion='mse', max_depth=None,
                      max_features=None, max_leaf_nodes=None,
                      min_impurity_decrease=0.0, min_impurity_split=None,
                      min_samples_leaf=1, min_samples_split=2,
                      min_weight_fraction_leaf=0.0, presort='deprecated',
                      random_state=42, splitter='best'), fold=KFold(n_splits=10, random_state=None, shuffle=False), round=4, cross_validation=False, predict=False, fit_kwargs={}, groups=None, refit=True, verbose=False, system=False, metrics=None, experiment_custom_tags=None, add_to_model_list=True, probability_threshold=None, display=None, return_train_score=False, kwargs={})
2022-05-27 15:29:05,070:INFO:Checking exceptions
2022-05-27 15:29:05,070:INFO:Importing libraries
2022-05-27 15:29:05,070:INFO:Copying training dataset
2022-05-27 15:29:05,070:INFO:Defining folds
2022-05-27 15:29:05,070:INFO:Declaring metric variables
2022-05-27 15:29:05,071:INFO:Importing untrained model
2022-05-27 15:29:05,071:INFO:Declaring custom model
2022-05-27 15:29:05,071:INFO:Decision Tree Regressor Imported succesfully
2022-05-27 15:29:05,072:INFO:Cross validation set to False
2022-05-27 15:29:05,072:INFO:Fitting Model
2022-05-27 15:29:05,075:INFO:DecisionTreeRegressor(ccp_alpha=0.0, criterion='mse', max_depth=None,
                      max_features=None, max_leaf_nodes=None,
                      min_impurity_decrease=0.0, min_impurity_split=None,
                      min_samples_leaf=1, min_samples_split=2,
                      min_weight_fraction_leaf=0.0, presort='deprecated',
                      random_state=42, splitter='best')
2022-05-27 15:29:05,075:INFO:create_models() succesfully completed......................................
2022-05-27 15:29:05,150:INFO:create_model_container: 1
2022-05-27 15:29:05,150:INFO:master_model_container: 1
2022-05-27 15:29:05,151:INFO:display_container: 2
2022-05-27 15:29:05,151:INFO:DecisionTreeRegressor(ccp_alpha=0.0, criterion='mse', max_depth=None,
                      max_features=None, max_leaf_nodes=None,
                      min_impurity_decrease=0.0, min_impurity_split=None,
                      min_samples_leaf=1, min_samples_split=2,
                      min_weight_fraction_leaf=0.0, presort='deprecated',
                      random_state=42, splitter='best')
2022-05-27 15:29:05,151:INFO:compare_models() succesfully completed......................................
